{"C:\\Users\\rayya.DESKTOP-92F6ECR\\Desktop\\Code\\Programing\\fuel quote app\\backend\\index.js": {"path":"C:\\Users\\rayya.DESKTOP-92F6ECR\\Desktop\\Code\\Programing\\fuel quote app\\backend\\index.js","statementMap":{"0":{"start":{"line":1,"column":16},"end":{"line":1,"column":34}},"1":{"start":{"line":2,"column":13},"end":{"line":2,"column":28}},"2":{"start":{"line":3,"column":17},"end":{"line":3,"column":36}},"3":{"start":{"line":4,"column":19},"end":{"line":4,"column":49}},"4":{"start":{"line":5,"column":21},"end":{"line":5,"column":45}},"5":{"start":{"line":6,"column":12},"end":{"line":6,"column":21}},"6":{"start":{"line":7,"column":13},"end":{"line":7,"column":28}},"7":{"start":{"line":9,"column":12},"end":{"line":9,"column":45}},"8":{"start":{"line":10,"column":0},"end":{"line":12,"column":36}},"9":{"start":{"line":11,"column":17},"end":{"line":11,"column":62}},"10":{"start":{"line":12,"column":18},"end":{"line":12,"column":34}},"11":{"start":{"line":15,"column":0},"end":{"line":19,"column":4}},"12":{"start":{"line":22,"column":0},"end":{"line":22,"column":67}},"13":{"start":{"line":25,"column":0},"end":{"line":27,"column":3}},"14":{"start":{"line":26,"column":2},"end":{"line":26,"column":72}},"15":{"start":{"line":29,"column":0},"end":{"line":29,"column":24}},"16":{"start":{"line":30,"column":0},"end":{"line":30,"column":24}},"17":{"start":{"line":31,"column":0},"end":{"line":31,"column":25}},"18":{"start":{"line":33,"column":0},"end":{"line":35,"column":3}},"19":{"start":{"line":34,"column":2},"end":{"line":34,"column":45}}},"fnMap":{"0":{"name":"(anonymous_0)","decl":{"start":{"line":11,"column":11},"end":{"line":11,"column":12}},"loc":{"start":{"line":11,"column":17},"end":{"line":11,"column":62}},"line":11},"1":{"name":"(anonymous_1)","decl":{"start":{"line":12,"column":11},"end":{"line":12,"column":12}},"loc":{"start":{"line":12,"column":18},"end":{"line":12,"column":34}},"line":12},"2":{"name":"(anonymous_2)","decl":{"start":{"line":25,"column":13},"end":{"line":25,"column":14}},"loc":{"start":{"line":25,"column":33},"end":{"line":27,"column":1}},"line":25},"3":{"name":"(anonymous_3)","decl":{"start":{"line":33,"column":17},"end":{"line":33,"column":18}},"loc":{"start":{"line":33,"column":23},"end":{"line":35,"column":1}},"line":33}},"branchMap":{},"s":{"0":1,"1":1,"2":1,"3":1,"4":1,"5":1,"6":1,"7":1,"8":1,"9":1,"10":0,"11":1,"12":1,"13":1,"14":0,"15":1,"16":1,"17":1,"18":1,"19":1},"f":{"0":1,"1":0,"2":0,"3":1},"b":{},"_coverageSchema":"1a1c01bbd47fc00a2c39e90264f33305004495a9","hash":"bcb8d0dc37c669f0aff1a8184e3f6b84f46fc721"}
,"C:\\Users\\rayya.DESKTOP-92F6ECR\\Desktop\\Code\\Programing\\fuel quote app\\backend\\Controllers\\AuthControllers.js": {"path":"C:\\Users\\rayya.DESKTOP-92F6ECR\\Desktop\\Code\\Programing\\fuel quote app\\backend\\Controllers\\AuthControllers.js","statementMap":{"0":{"start":{"line":1,"column":13},"end":{"line":1,"column":43}},"1":{"start":{"line":2,"column":14},"end":{"line":2,"column":47}},"2":{"start":{"line":3,"column":12},"end":{"line":3,"column":35}},"3":{"start":{"line":4,"column":19},"end":{"line":4,"column":50}},"4":{"start":{"line":5,"column":29},"end":{"line":5,"column":61}},"5":{"start":{"line":6,"column":30},"end":{"line":6,"column":63}},"6":{"start":{"line":7,"column":27},"end":{"line":7,"column":57}},"7":{"start":{"line":9,"column":15},"end":{"line":9,"column":25}},"8":{"start":{"line":11,"column":20},"end":{"line":15,"column":1}},"9":{"start":{"line":12,"column":4},"end":{"line":14,"column":7}},"10":{"start":{"line":17,"column":0},"end":{"line":35,"column":2}},"11":{"start":{"line":18,"column":2},"end":{"line":34,"column":3}},"12":{"start":{"line":19,"column":48},"end":{"line":19,"column":56}},"13":{"start":{"line":21,"column":32},"end":{"line":21,"column":69}},"14":{"start":{"line":23,"column":4},"end":{"line":26,"column":5}},"15":{"start":{"line":25,"column":8},"end":{"line":25,"column":44}},"16":{"start":{"line":28,"column":4},"end":{"line":28,"column":59}},"17":{"start":{"line":29,"column":27},"end":{"line":29,"column":73}},"18":{"start":{"line":30,"column":4},"end":{"line":30,"column":61}},"19":{"start":{"line":33,"column":4},"end":{"line":33,"column":77}},"20":{"start":{"line":37,"column":0},"end":{"line":62,"column":2}},"21":{"start":{"line":38,"column":2},"end":{"line":61,"column":3}},"22":{"start":{"line":39,"column":35},"end":{"line":39,"column":43}},"23":{"start":{"line":41,"column":17},"end":{"line":41,"column":49}},"24":{"start":{"line":43,"column":32},"end":{"line":43,"column":80}},"25":{"start":{"line":45,"column":4},"end":{"line":58,"column":5}},"26":{"start":{"line":47,"column":8},"end":{"line":47,"column":44}},"27":{"start":{"line":50,"column":20},"end":{"line":50,"column":41}},"28":{"start":{"line":52,"column":6},"end":{"line":56,"column":9}},"29":{"start":{"line":57,"column":6},"end":{"line":57,"column":81}},"30":{"start":{"line":60,"column":4},"end":{"line":60,"column":66}},"31":{"start":{"line":64,"column":0},"end":{"line":103,"column":2}},"32":{"start":{"line":65,"column":2},"end":{"line":102,"column":3}},"33":{"start":{"line":67,"column":18},"end":{"line":67,"column":33}},"34":{"start":{"line":68,"column":25},"end":{"line":68,"column":61}},"35":{"start":{"line":69,"column":19},"end":{"line":69,"column":34}},"36":{"start":{"line":71,"column":4},"end":{"line":73,"column":5}},"37":{"start":{"line":72,"column":6},"end":{"line":72,"column":64}},"38":{"start":{"line":75,"column":32},"end":{"line":75,"column":68}},"39":{"start":{"line":77,"column":4},"end":{"line":99,"column":5}},"40":{"start":{"line":78,"column":6},"end":{"line":78,"column":42}},"41":{"start":{"line":81,"column":20},"end":{"line":81,"column":62}},"42":{"start":{"line":83,"column":6},"end":{"line":98,"column":7}},"43":{"start":{"line":85,"column":10},"end":{"line":85,"column":47}},"44":{"start":{"line":86,"column":10},"end":{"line":86,"column":47}},"45":{"start":{"line":87,"column":10},"end":{"line":87,"column":47}},"46":{"start":{"line":88,"column":10},"end":{"line":88,"column":39}},"47":{"start":{"line":89,"column":10},"end":{"line":89,"column":41}},"48":{"start":{"line":90,"column":10},"end":{"line":90,"column":45}},"49":{"start":{"line":92,"column":10},"end":{"line":92,"column":41}},"50":{"start":{"line":93,"column":10},"end":{"line":93,"column":82}},"51":{"start":{"line":96,"column":10},"end":{"line":96,"column":75}},"52":{"start":{"line":97,"column":10},"end":{"line":97,"column":82}},"53":{"start":{"line":101,"column":4},"end":{"line":101,"column":70}},"54":{"start":{"line":105,"column":0},"end":{"line":112,"column":2}},"55":{"start":{"line":106,"column":2},"end":{"line":111,"column":3}},"56":{"start":{"line":107,"column":21},"end":{"line":107,"column":46}},"57":{"start":{"line":108,"column":4},"end":{"line":108,"column":54}},"58":{"start":{"line":110,"column":4},"end":{"line":110,"column":40}},"59":{"start":{"line":114,"column":0},"end":{"line":126,"column":4}},"60":{"start":{"line":115,"column":4},"end":{"line":125,"column":5}},"61":{"start":{"line":116,"column":22},"end":{"line":116,"column":37}},"62":{"start":{"line":117,"column":29},"end":{"line":117,"column":65}},"63":{"start":{"line":118,"column":23},"end":{"line":118,"column":38}},"64":{"start":{"line":120,"column":94},"end":{"line":120,"column":102}},"65":{"start":{"line":121,"column":22},"end":{"line":121,"column":71}},"66":{"start":{"line":122,"column":8},"end":{"line":122,"column":71}},"67":{"start":{"line":124,"column":8},"end":{"line":124,"column":37}},"68":{"start":{"line":128,"column":0},"end":{"line":139,"column":2}},"69":{"start":{"line":129,"column":4},"end":{"line":138,"column":5}},"70":{"start":{"line":130,"column":22},"end":{"line":130,"column":37}},"71":{"start":{"line":131,"column":29},"end":{"line":131,"column":65}},"72":{"start":{"line":132,"column":23},"end":{"line":132,"column":38}},"73":{"start":{"line":134,"column":24},"end":{"line":134,"column":57}},"74":{"start":{"line":135,"column":8},"end":{"line":135,"column":38}},"75":{"start":{"line":137,"column":8},"end":{"line":137,"column":37}}},"fnMap":{"0":{"name":"(anonymous_0)","decl":{"start":{"line":11,"column":20},"end":{"line":11,"column":21}},"loc":{"start":{"line":11,"column":28},"end":{"line":15,"column":1}},"line":11},"1":{"name":"(anonymous_1)","decl":{"start":{"line":17,"column":26},"end":{"line":17,"column":27}},"loc":{"start":{"line":17,"column":46},"end":{"line":35,"column":1}},"line":17},"2":{"name":"(anonymous_2)","decl":{"start":{"line":37,"column":23},"end":{"line":37,"column":24}},"loc":{"start":{"line":37,"column":43},"end":{"line":62,"column":1}},"line":37},"3":{"name":"(anonymous_3)","decl":{"start":{"line":64,"column":25},"end":{"line":64,"column":26}},"loc":{"start":{"line":64,"column":45},"end":{"line":103,"column":1}},"line":64},"4":{"name":"(anonymous_4)","decl":{"start":{"line":105,"column":28},"end":{"line":105,"column":29}},"loc":{"start":{"line":105,"column":43},"end":{"line":112,"column":1}},"line":105},"5":{"name":"(anonymous_5)","decl":{"start":{"line":114,"column":23},"end":{"line":114,"column":24}},"loc":{"start":{"line":114,"column":43},"end":{"line":126,"column":3}},"line":114},"6":{"name":"(anonymous_6)","decl":{"start":{"line":128,"column":32},"end":{"line":128,"column":33}},"loc":{"start":{"line":128,"column":52},"end":{"line":139,"column":1}},"line":128}},"branchMap":{"0":{"loc":{"start":{"line":23,"column":4},"end":{"line":26,"column":5}},"type":"if","locations":[{"start":{"line":23,"column":4},"end":{"line":26,"column":5}},{"start":{},"end":{}}],"line":23},"1":{"loc":{"start":{"line":45,"column":4},"end":{"line":58,"column":5}},"type":"if","locations":[{"start":{"line":45,"column":4},"end":{"line":58,"column":5}},{"start":{"line":49,"column":4},"end":{"line":58,"column":5}}],"line":45},"2":{"loc":{"start":{"line":71,"column":4},"end":{"line":73,"column":5}},"type":"if","locations":[{"start":{"line":71,"column":4},"end":{"line":73,"column":5}},{"start":{},"end":{}}],"line":71},"3":{"loc":{"start":{"line":77,"column":4},"end":{"line":99,"column":5}},"type":"if","locations":[{"start":{"line":77,"column":4},"end":{"line":99,"column":5}},{"start":{"line":79,"column":11},"end":{"line":99,"column":5}}],"line":77},"4":{"loc":{"start":{"line":83,"column":6},"end":{"line":98,"column":7}},"type":"if","locations":[{"start":{"line":83,"column":6},"end":{"line":98,"column":7}},{"start":{"line":94,"column":13},"end":{"line":98,"column":7}}],"line":83}},"s":{"0":4,"1":4,"2":4,"3":4,"4":4,"5":4,"6":4,"7":4,"8":4,"9":1,"10":4,"11":8,"12":8,"13":8,"14":8,"15":7,"16":1,"17":1,"18":1,"19":0,"20":4,"21":6,"22":6,"23":6,"24":5,"25":5,"26":4,"27":1,"28":1,"29":1,"30":1,"31":4,"32":9,"33":9,"34":9,"35":9,"36":9,"37":1,"38":8,"39":8,"40":5,"41":3,"42":3,"43":2,"44":2,"45":2,"46":2,"47":2,"48":2,"49":2,"50":1,"51":1,"52":1,"53":1,"54":4,"55":1,"56":1,"57":1,"58":0,"59":4,"60":0,"61":0,"62":0,"63":0,"64":0,"65":0,"66":0,"67":0,"68":4,"69":0,"70":0,"71":0,"72":0,"73":0,"74":0,"75":0},"f":{"0":1,"1":8,"2":6,"3":9,"4":1,"5":0,"6":0},"b":{"0":[7,1],"1":[4,1],"2":[1,8],"3":[5,3],"4":[2,1]},"_coverageSchema":"1a1c01bbd47fc00a2c39e90264f33305004495a9","hash":"d7f9949b2afd7d5ebf216316b917f0cbb88e2cda"}
,"C:\\Users\\rayya.DESKTOP-92F6ECR\\Desktop\\Code\\Programing\\fuel quote app\\backend\\Coverage\\mockUserData.js": {"path":"C:\\Users\\rayya.DESKTOP-92F6ECR\\Desktop\\Code\\Programing\\fuel quote app\\backend\\Coverage\\mockUserData.js","statementMap":{"0":{"start":{"line":1,"column":18},"end":{"line":15,"column":1}},"1":{"start":{"line":17,"column":0},"end":{"line":19,"column":2}}},"fnMap":{},"branchMap":{},"s":{"0":1,"1":1},"f":{},"b":{},"_coverageSchema":"1a1c01bbd47fc00a2c39e90264f33305004495a9","hash":"8bc535ddaa94ba1071bb49ecd6584d9745e2edf7"}
,"C:\\Users\\rayya.DESKTOP-92F6ECR\\Desktop\\Code\\Programing\\fuel quote app\\backend\\Middlewares\\AuthMiddlewares.js": {"path":"C:\\Users\\rayya.DESKTOP-92F6ECR\\Desktop\\Code\\Programing\\fuel quote app\\backend\\Middlewares\\AuthMiddlewares.js","statementMap":{"0":{"start":{"line":1,"column":13},"end":{"line":1,"column":43}},"1":{"start":{"line":2,"column":12},"end":{"line":2,"column":35}},"2":{"start":{"line":4,"column":0},"end":{"line":24,"column":1}},"3":{"start":{"line":5,"column":18},"end":{"line":5,"column":33}},"4":{"start":{"line":6,"column":4},"end":{"line":23,"column":5}},"5":{"start":{"line":7,"column":8},"end":{"line":19,"column":10}},"6":{"start":{"line":8,"column":12},"end":{"line":18,"column":13}},"7":{"start":{"line":9,"column":16},"end":{"line":9,"column":43}},"8":{"start":{"line":10,"column":16},"end":{"line":10,"column":23}},"9":{"start":{"line":12,"column":29},"end":{"line":12,"column":65}},"10":{"start":{"line":13,"column":16},"end":{"line":17,"column":17}},"11":{"start":{"line":13,"column":25},"end":{"line":13,"column":70}},"12":{"start":{"line":15,"column":20},"end":{"line":15,"column":47}},"13":{"start":{"line":16,"column":20},"end":{"line":16,"column":27}},"14":{"start":{"line":21,"column":8},"end":{"line":21,"column":35}},"15":{"start":{"line":22,"column":8},"end":{"line":22,"column":15}}},"fnMap":{"0":{"name":"(anonymous_0)","decl":{"start":{"line":4,"column":27},"end":{"line":4,"column":28}},"loc":{"start":{"line":4,"column":47},"end":{"line":24,"column":1}},"line":4},"1":{"name":"(anonymous_1)","decl":{"start":{"line":7,"column":45},"end":{"line":7,"column":46}},"loc":{"start":{"line":7,"column":74},"end":{"line":19,"column":9}},"line":7}},"branchMap":{"0":{"loc":{"start":{"line":6,"column":4},"end":{"line":23,"column":5}},"type":"if","locations":[{"start":{"line":6,"column":4},"end":{"line":23,"column":5}},{"start":{"line":20,"column":11},"end":{"line":23,"column":5}}],"line":6},"1":{"loc":{"start":{"line":8,"column":12},"end":{"line":18,"column":13}},"type":"if","locations":[{"start":{"line":8,"column":12},"end":{"line":18,"column":13}},{"start":{"line":11,"column":19},"end":{"line":18,"column":13}}],"line":8},"2":{"loc":{"start":{"line":13,"column":16},"end":{"line":17,"column":17}},"type":"if","locations":[{"start":{"line":13,"column":16},"end":{"line":17,"column":17}},{"start":{"line":14,"column":21},"end":{"line":17,"column":17}}],"line":13}},"s":{"0":1,"1":1,"2":1,"3":0,"4":0,"5":0,"6":0,"7":0,"8":0,"9":0,"10":0,"11":0,"12":0,"13":0,"14":0,"15":0},"f":{"0":0,"1":0},"b":{"0":[0,0],"1":[0,0],"2":[0,0]},"_coverageSchema":"1a1c01bbd47fc00a2c39e90264f33305004495a9","hash":"5f7297b77721126baefe32c3f7dd52e7a8197952"}
,"C:\\Users\\rayya.DESKTOP-92F6ECR\\Desktop\\Code\\Programing\\fuel quote app\\backend\\Routes\\AuthRoutes.js": {"path":"C:\\Users\\rayya.DESKTOP-92F6ECR\\Desktop\\Code\\Programing\\fuel quote app\\backend\\Routes\\AuthRoutes.js","statementMap":{"0":{"start":{"line":1,"column":72},"end":{"line":1,"column":113}},"1":{"start":{"line":2,"column":22},"end":{"line":2,"column":63}},"2":{"start":{"line":4,"column":15},"end":{"line":4,"column":42}},"3":{"start":{"line":6,"column":0},"end":{"line":6,"column":35}},"4":{"start":{"line":7,"column":0},"end":{"line":7,"column":40}},"5":{"start":{"line":8,"column":0},"end":{"line":8,"column":45}},"6":{"start":{"line":9,"column":0},"end":{"line":9,"column":35}},"7":{"start":{"line":10,"column":0},"end":{"line":10,"column":29}},"8":{"start":{"line":11,"column":0},"end":{"line":11,"column":34}},"9":{"start":{"line":12,"column":0},"end":{"line":12,"column":49}},"10":{"start":{"line":14,"column":0},"end":{"line":14,"column":24}}},"fnMap":{},"branchMap":{},"s":{"0":1,"1":1,"2":1,"3":1,"4":1,"5":1,"6":1,"7":1,"8":1,"9":1,"10":1},"f":{},"b":{},"_coverageSchema":"1a1c01bbd47fc00a2c39e90264f33305004495a9","hash":"9d3f14d2367fc18dec48aafd4b6a92a673710bac"}
,"C:\\Users\\rayya.DESKTOP-92F6ECR\\Desktop\\Code\\Programing\\fuel quote app\\backend\\config\\keys.js": {"path":"C:\\Users\\rayya.DESKTOP-92F6ECR\\Desktop\\Code\\Programing\\fuel quote app\\backend\\config\\keys.js","statementMap":{"0":{"start":{"line":1,"column":0},"end":{"line":4,"column":2}}},"fnMap":{},"branchMap":{},"s":{"0":2},"f":{},"b":{},"_coverageSchema":"1a1c01bbd47fc00a2c39e90264f33305004495a9","hash":"4fda864385f113ddf6fbf76e953badbb0b8cdae5"}
,"C:\\Users\\rayya.DESKTOP-92F6ECR\\Desktop\\Code\\Programing\\fuel quote app\\backend\\models\\ClientInfo.js": {"path":"C:\\Users\\rayya.DESKTOP-92F6ECR\\Desktop\\Code\\Programing\\fuel quote app\\backend\\models\\ClientInfo.js","statementMap":{"0":{"start":{"line":1,"column":17},"end":{"line":1,"column":36}},"1":{"start":{"line":3,"column":21},"end":{"line":40,"column":2}},"2":{"start":{"line":42,"column":0},"end":{"line":42,"column":60}}},"fnMap":{},"branchMap":{},"s":{"0":3,"1":3,"2":3},"f":{},"b":{},"_coverageSchema":"1a1c01bbd47fc00a2c39e90264f33305004495a9","hash":"d55fecaa3844ff7877babd8610a925ab7ac497ac"}
,"C:\\Users\\rayya.DESKTOP-92F6ECR\\Desktop\\Code\\Programing\\fuel quote app\\backend\\models\\pricingModel.js": {"path":"C:\\Users\\rayya.DESKTOP-92F6ECR\\Desktop\\Code\\Programing\\fuel quote app\\backend\\models\\pricingModel.js","statementMap":{"0":{"start":{"line":1,"column":17},"end":{"line":1,"column":36}},"1":{"start":{"line":3,"column":22},"end":{"line":31,"column":2}},"2":{"start":{"line":33,"column":0},"end":{"line":33,"column":58}}},"fnMap":{},"branchMap":{},"s":{"0":4,"1":4,"2":4},"f":{},"b":{},"_coverageSchema":"1a1c01bbd47fc00a2c39e90264f33305004495a9","hash":"3b229d80a1d6ac0143678d00b04f082d76a3ca93"}
,"C:\\Users\\rayya.DESKTOP-92F6ECR\\Desktop\\Code\\Programing\\fuel quote app\\backend\\models\\userModel.js": {"path":"C:\\Users\\rayya.DESKTOP-92F6ECR\\Desktop\\Code\\Programing\\fuel quote app\\backend\\models\\userModel.js","statementMap":{"0":{"start":{"line":1,"column":17},"end":{"line":1,"column":36}},"1":{"start":{"line":2,"column":15},"end":{"line":2,"column":32}},"2":{"start":{"line":4,"column":19},"end":{"line":29,"column":2}},"3":{"start":{"line":31,"column":0},"end":{"line":37,"column":3}},"4":{"start":{"line":32,"column":4},"end":{"line":35,"column":5}},"5":{"start":{"line":33,"column":21},"end":{"line":33,"column":45}},"6":{"start":{"line":34,"column":8},"end":{"line":34,"column":63}},"7":{"start":{"line":36,"column":4},"end":{"line":36,"column":11}},"8":{"start":{"line":39,"column":0},"end":{"line":45,"column":3}},"9":{"start":{"line":40,"column":2},"end":{"line":44,"column":3}},"10":{"start":{"line":41,"column":6},"end":{"line":41,"column":59}},"11":{"start":{"line":43,"column":6},"end":{"line":43,"column":13}},"12":{"start":{"line":48,"column":0},"end":{"line":48,"column":53}}},"fnMap":{"0":{"name":"(anonymous_0)","decl":{"start":{"line":31,"column":23},"end":{"line":31,"column":24}},"loc":{"start":{"line":31,"column":44},"end":{"line":37,"column":1}},"line":31},"1":{"name":"(anonymous_1)","decl":{"start":{"line":39,"column":24},"end":{"line":39,"column":25}},"loc":{"start":{"line":39,"column":51},"end":{"line":45,"column":1}},"line":39}},"branchMap":{"0":{"loc":{"start":{"line":32,"column":4},"end":{"line":35,"column":5}},"type":"if","locations":[{"start":{"line":32,"column":4},"end":{"line":35,"column":5}},{"start":{},"end":{}}],"line":32},"1":{"loc":{"start":{"line":40,"column":2},"end":{"line":44,"column":3}},"type":"if","locations":[{"start":{"line":40,"column":2},"end":{"line":44,"column":3}},{"start":{"line":42,"column":9},"end":{"line":44,"column":3}}],"line":40},"2":{"loc":{"start":{"line":40,"column":6},"end":{"line":40,"column":63}},"type":"binary-expr","locations":[{"start":{"line":40,"column":6},"end":{"line":40,"column":39}},{"start":{"line":40,"column":43},"end":{"line":40,"column":63}}],"line":40}},"s":{"0":4,"1":4,"2":4,"3":4,"4":3,"5":3,"6":3,"7":3,"8":4,"9":1,"10":1,"11":0,"12":4},"f":{"0":3,"1":1},"b":{"0":[3,0],"1":[1,0],"2":[1,1]},"_coverageSchema":"1a1c01bbd47fc00a2c39e90264f33305004495a9","hash":"b4ee52a92f65f5b2567d77a7283a9cd597e9348d"}
,"C:\\Users\\rayya.DESKTOP-92F6ECR\\Desktop\\Code\\Programing\\fuel quote app\\backend\\validation\\login.js": {"path":"C:\\Users\\rayya.DESKTOP-92F6ECR\\Desktop\\Code\\Programing\\fuel quote app\\backend\\validation\\login.js","statementMap":{"0":{"start":{"line":1,"column":18},"end":{"line":1,"column":38}},"1":{"start":{"line":2,"column":16},"end":{"line":2,"column":35}},"2":{"start":{"line":3,"column":15},"end":{"line":3,"column":32}},"3":{"start":{"line":4,"column":13},"end":{"line":4,"column":43}},"4":{"start":{"line":6,"column":0},"end":{"line":32,"column":2}},"5":{"start":{"line":7,"column":17},"end":{"line":7,"column":19}},"6":{"start":{"line":9,"column":4},"end":{"line":9,"column":65}},"7":{"start":{"line":10,"column":4},"end":{"line":10,"column":65}},"8":{"start":{"line":11,"column":25},"end":{"line":11,"column":72}},"9":{"start":{"line":13,"column":4},"end":{"line":17,"column":5}},"10":{"start":{"line":14,"column":8},"end":{"line":14,"column":56}},"11":{"start":{"line":15,"column":11},"end":{"line":17,"column":5}},"12":{"start":{"line":16,"column":8},"end":{"line":16,"column":47}},"13":{"start":{"line":19,"column":4},"end":{"line":26,"column":5}},"14":{"start":{"line":20,"column":8},"end":{"line":20,"column":55}},"15":{"start":{"line":21,"column":11},"end":{"line":26,"column":5}},"16":{"start":{"line":22,"column":21},"end":{"line":22,"column":79}},"17":{"start":{"line":23,"column":8},"end":{"line":25,"column":9}},"18":{"start":{"line":24,"column":12},"end":{"line":24,"column":51}},"19":{"start":{"line":28,"column":4},"end":{"line":31,"column":6}}},"fnMap":{"0":{"name":"validateLoginInput","decl":{"start":{"line":6,"column":32},"end":{"line":6,"column":50}},"loc":{"start":{"line":6,"column":57},"end":{"line":32,"column":1}},"line":6}},"branchMap":{"0":{"loc":{"start":{"line":9,"column":20},"end":{"line":9,"column":64}},"type":"cond-expr","locations":[{"start":{"line":9,"column":46},"end":{"line":9,"column":59}},{"start":{"line":9,"column":62},"end":{"line":9,"column":64}}],"line":9},"1":{"loc":{"start":{"line":10,"column":20},"end":{"line":10,"column":64}},"type":"cond-expr","locations":[{"start":{"line":10,"column":46},"end":{"line":10,"column":59}},{"start":{"line":10,"column":62},"end":{"line":10,"column":64}}],"line":10},"2":{"loc":{"start":{"line":13,"column":4},"end":{"line":17,"column":5}},"type":"if","locations":[{"start":{"line":13,"column":4},"end":{"line":17,"column":5}},{"start":{"line":15,"column":11},"end":{"line":17,"column":5}}],"line":13},"3":{"loc":{"start":{"line":15,"column":11},"end":{"line":17,"column":5}},"type":"if","locations":[{"start":{"line":15,"column":11},"end":{"line":17,"column":5}},{"start":{},"end":{}}],"line":15},"4":{"loc":{"start":{"line":19,"column":4},"end":{"line":26,"column":5}},"type":"if","locations":[{"start":{"line":19,"column":4},"end":{"line":26,"column":5}},{"start":{"line":21,"column":11},"end":{"line":26,"column":5}}],"line":19},"5":{"loc":{"start":{"line":21,"column":11},"end":{"line":26,"column":5}},"type":"if","locations":[{"start":{"line":21,"column":11},"end":{"line":26,"column":5}},{"start":{},"end":{}}],"line":21},"6":{"loc":{"start":{"line":23,"column":8},"end":{"line":25,"column":9}},"type":"if","locations":[{"start":{"line":23,"column":8},"end":{"line":25,"column":9}},{"start":{},"end":{}}],"line":23}},"s":{"0":4,"1":4,"2":4,"3":4,"4":4,"5":5,"6":5,"7":5,"8":5,"9":5,"10":2,"11":3,"12":1,"13":5,"14":1,"15":4,"16":2,"17":2,"18":1,"19":5},"f":{"0":5},"b":{"0":[3,2],"1":[4,1],"2":[2,3],"3":[1,2],"4":[1,4],"5":[2,2],"6":[1,1]},"_coverageSchema":"1a1c01bbd47fc00a2c39e90264f33305004495a9","hash":"4eaa299bea03669368f7fb61d42a29cd451df587"}
,"C:\\Users\\rayya.DESKTOP-92F6ECR\\Desktop\\Code\\Programing\\fuel quote app\\backend\\validation\\profile.js": {"path":"C:\\Users\\rayya.DESKTOP-92F6ECR\\Desktop\\Code\\Programing\\fuel quote app\\backend\\validation\\profile.js","statementMap":{"0":{"start":{"line":1,"column":18},"end":{"line":1,"column":38}},"1":{"start":{"line":2,"column":16},"end":{"line":2,"column":35}},"2":{"start":{"line":3,"column":19},"end":{"line":3,"column":50}},"3":{"start":{"line":5,"column":0},"end":{"line":38,"column":2}},"4":{"start":{"line":6,"column":17},"end":{"line":6,"column":19}},"5":{"start":{"line":8,"column":4},"end":{"line":8,"column":65}},"6":{"start":{"line":9,"column":4},"end":{"line":9,"column":65}},"7":{"start":{"line":10,"column":4},"end":{"line":10,"column":53}},"8":{"start":{"line":11,"column":4},"end":{"line":11,"column":56}},"9":{"start":{"line":12,"column":4},"end":{"line":12,"column":62}},"10":{"start":{"line":14,"column":4},"end":{"line":16,"column":5}},"11":{"start":{"line":15,"column":8},"end":{"line":15,"column":49}},"12":{"start":{"line":19,"column":4},"end":{"line":21,"column":5}},"13":{"start":{"line":20,"column":8},"end":{"line":20,"column":48}},"14":{"start":{"line":23,"column":4},"end":{"line":25,"column":5}},"15":{"start":{"line":24,"column":8},"end":{"line":24,"column":41}},"16":{"start":{"line":27,"column":4},"end":{"line":29,"column":5}},"17":{"start":{"line":28,"column":8},"end":{"line":28,"column":43}},"18":{"start":{"line":31,"column":4},"end":{"line":33,"column":5}},"19":{"start":{"line":32,"column":8},"end":{"line":32,"column":47}},"20":{"start":{"line":34,"column":4},"end":{"line":37,"column":6}}},"fnMap":{"0":{"name":"validateProfileInput","decl":{"start":{"line":5,"column":32},"end":{"line":5,"column":52}},"loc":{"start":{"line":5,"column":59},"end":{"line":38,"column":1}},"line":5}},"branchMap":{"0":{"loc":{"start":{"line":8,"column":20},"end":{"line":8,"column":64}},"type":"cond-expr","locations":[{"start":{"line":8,"column":46},"end":{"line":8,"column":59}},{"start":{"line":8,"column":62},"end":{"line":8,"column":64}}],"line":8},"1":{"loc":{"start":{"line":9,"column":20},"end":{"line":9,"column":64}},"type":"cond-expr","locations":[{"start":{"line":9,"column":46},"end":{"line":9,"column":59}},{"start":{"line":9,"column":62},"end":{"line":9,"column":64}}],"line":9},"2":{"loc":{"start":{"line":10,"column":16},"end":{"line":10,"column":52}},"type":"cond-expr","locations":[{"start":{"line":10,"column":38},"end":{"line":10,"column":47}},{"start":{"line":10,"column":50},"end":{"line":10,"column":52}}],"line":10},"3":{"loc":{"start":{"line":11,"column":17},"end":{"line":11,"column":55}},"type":"cond-expr","locations":[{"start":{"line":11,"column":40},"end":{"line":11,"column":50}},{"start":{"line":11,"column":53},"end":{"line":11,"column":55}}],"line":11},"4":{"loc":{"start":{"line":12,"column":19},"end":{"line":12,"column":61}},"type":"cond-expr","locations":[{"start":{"line":12,"column":44},"end":{"line":12,"column":56}},{"start":{"line":12,"column":59},"end":{"line":12,"column":61}}],"line":12},"5":{"loc":{"start":{"line":14,"column":4},"end":{"line":16,"column":5}},"type":"if","locations":[{"start":{"line":14,"column":4},"end":{"line":16,"column":5}},{"start":{},"end":{}}],"line":14},"6":{"loc":{"start":{"line":19,"column":4},"end":{"line":21,"column":5}},"type":"if","locations":[{"start":{"line":19,"column":4},"end":{"line":21,"column":5}},{"start":{},"end":{}}],"line":19},"7":{"loc":{"start":{"line":23,"column":4},"end":{"line":25,"column":5}},"type":"if","locations":[{"start":{"line":23,"column":4},"end":{"line":25,"column":5}},{"start":{},"end":{}}],"line":23},"8":{"loc":{"start":{"line":27,"column":4},"end":{"line":29,"column":5}},"type":"if","locations":[{"start":{"line":27,"column":4},"end":{"line":29,"column":5}},{"start":{},"end":{}}],"line":27},"9":{"loc":{"start":{"line":31,"column":4},"end":{"line":33,"column":5}},"type":"if","locations":[{"start":{"line":31,"column":4},"end":{"line":33,"column":5}},{"start":{},"end":{}}],"line":31}},"s":{"0":4,"1":4,"2":4,"3":4,"4":8,"5":8,"6":8,"7":8,"8":8,"9":8,"10":8,"11":1,"12":8,"13":1,"14":8,"15":1,"16":8,"17":1,"18":8,"19":1,"20":8},"f":{"0":8},"b":{"0":[7,1],"1":[7,1],"2":[7,1],"3":[7,1],"4":[7,1],"5":[1,7],"6":[1,7],"7":[1,7],"8":[1,7],"9":[1,7]},"_coverageSchema":"1a1c01bbd47fc00a2c39e90264f33305004495a9","hash":"cee53293140ef9177d72ed2676fbdad67d3477e7"}
,"C:\\Users\\rayya.DESKTOP-92F6ECR\\Desktop\\Code\\Programing\\fuel quote app\\backend\\validation\\register.js": {"path":"C:\\Users\\rayya.DESKTOP-92F6ECR\\Desktop\\Code\\Programing\\fuel quote app\\backend\\validation\\register.js","statementMap":{"0":{"start":{"line":1,"column":18},"end":{"line":1,"column":38}},"1":{"start":{"line":2,"column":16},"end":{"line":2,"column":35}},"2":{"start":{"line":3,"column":13},"end":{"line":3,"column":43}},"3":{"start":{"line":5,"column":0},"end":{"line":45,"column":2}},"4":{"start":{"line":6,"column":15},"end":{"line":6,"column":17}},"5":{"start":{"line":8,"column":2},"end":{"line":8,"column":63}},"6":{"start":{"line":9,"column":2},"end":{"line":9,"column":63}},"7":{"start":{"line":10,"column":2},"end":{"line":10,"column":54}},"8":{"start":{"line":11,"column":2},"end":{"line":11,"column":51}},"9":{"start":{"line":13,"column":2},"end":{"line":20,"column":3}},"10":{"start":{"line":14,"column":4},"end":{"line":14,"column":52}},"11":{"start":{"line":16,"column":25},"end":{"line":16,"column":72}},"12":{"start":{"line":17,"column":4},"end":{"line":19,"column":5}},"13":{"start":{"line":18,"column":6},"end":{"line":18,"column":53}},"14":{"start":{"line":22,"column":2},"end":{"line":29,"column":3}},"15":{"start":{"line":23,"column":4},"end":{"line":23,"column":52}},"16":{"start":{"line":26,"column":4},"end":{"line":28,"column":5}},"17":{"start":{"line":27,"column":6},"end":{"line":27,"column":71}},"18":{"start":{"line":31,"column":2},"end":{"line":35,"column":3}},"19":{"start":{"line":32,"column":4},"end":{"line":32,"column":46}},"20":{"start":{"line":33,"column":9},"end":{"line":35,"column":3}},"21":{"start":{"line":34,"column":4},"end":{"line":34,"column":57}},"22":{"start":{"line":37,"column":2},"end":{"line":39,"column":3}},"23":{"start":{"line":38,"column":4},"end":{"line":38,"column":44}},"24":{"start":{"line":41,"column":2},"end":{"line":44,"column":4}}},"fnMap":{"0":{"name":"validateRegisterInput","decl":{"start":{"line":5,"column":32},"end":{"line":5,"column":53}},"loc":{"start":{"line":5,"column":60},"end":{"line":45,"column":1}},"line":5}},"branchMap":{"0":{"loc":{"start":{"line":8,"column":18},"end":{"line":8,"column":62}},"type":"cond-expr","locations":[{"start":{"line":8,"column":44},"end":{"line":8,"column":57}},{"start":{"line":8,"column":60},"end":{"line":8,"column":62}}],"line":8},"1":{"loc":{"start":{"line":9,"column":18},"end":{"line":9,"column":62}},"type":"cond-expr","locations":[{"start":{"line":9,"column":44},"end":{"line":9,"column":57}},{"start":{"line":9,"column":60},"end":{"line":9,"column":62}}],"line":9},"2":{"loc":{"start":{"line":10,"column":15},"end":{"line":10,"column":53}},"type":"cond-expr","locations":[{"start":{"line":10,"column":38},"end":{"line":10,"column":48}},{"start":{"line":10,"column":51},"end":{"line":10,"column":53}}],"line":10},"3":{"loc":{"start":{"line":11,"column":14},"end":{"line":11,"column":50}},"type":"cond-expr","locations":[{"start":{"line":11,"column":36},"end":{"line":11,"column":45}},{"start":{"line":11,"column":48},"end":{"line":11,"column":50}}],"line":11},"4":{"loc":{"start":{"line":13,"column":2},"end":{"line":20,"column":3}},"type":"if","locations":[{"start":{"line":13,"column":2},"end":{"line":20,"column":3}},{"start":{"line":15,"column":9},"end":{"line":20,"column":3}}],"line":13},"5":{"loc":{"start":{"line":17,"column":4},"end":{"line":19,"column":5}},"type":"if","locations":[{"start":{"line":17,"column":4},"end":{"line":19,"column":5}},{"start":{},"end":{}}],"line":17},"6":{"loc":{"start":{"line":22,"column":2},"end":{"line":29,"column":3}},"type":"if","locations":[{"start":{"line":22,"column":2},"end":{"line":29,"column":3}},{"start":{"line":24,"column":9},"end":{"line":29,"column":3}}],"line":22},"7":{"loc":{"start":{"line":26,"column":4},"end":{"line":28,"column":5}},"type":"if","locations":[{"start":{"line":26,"column":4},"end":{"line":28,"column":5}},{"start":{},"end":{}}],"line":26},"8":{"loc":{"start":{"line":31,"column":2},"end":{"line":35,"column":3}},"type":"if","locations":[{"start":{"line":31,"column":2},"end":{"line":35,"column":3}},{"start":{"line":33,"column":9},"end":{"line":35,"column":3}}],"line":31},"9":{"loc":{"start":{"line":33,"column":9},"end":{"line":35,"column":3}},"type":"if","locations":[{"start":{"line":33,"column":9},"end":{"line":35,"column":3}},{"start":{},"end":{}}],"line":33},"10":{"loc":{"start":{"line":37,"column":2},"end":{"line":39,"column":3}},"type":"if","locations":[{"start":{"line":37,"column":2},"end":{"line":39,"column":3}},{"start":{},"end":{}}],"line":37}},"s":{"0":4,"1":4,"2":4,"3":4,"4":8,"5":8,"6":8,"7":8,"8":8,"9":8,"10":1,"11":7,"12":7,"13":1,"14":8,"15":1,"16":7,"17":1,"18":8,"19":1,"20":7,"21":1,"22":8,"23":1,"24":8},"f":{"0":8},"b":{"0":[7,1],"1":[7,1],"2":[7,1],"3":[7,1],"4":[1,7],"5":[1,6],"6":[1,7],"7":[1,6],"8":[1,7],"9":[1,6],"10":[1,7]},"_coverageSchema":"1a1c01bbd47fc00a2c39e90264f33305004495a9","hash":"a42c9bb6a6daedd43e9439675ea9ea8ecbd4f37d"}
}
