{"C:\\Users\\rayya.DESKTOP-92F6ECR\\Desktop\\Code\\Programing\\fuel quote app\\backend\\Controllers\\AuthControllers.js": {"path":"C:\\Users\\rayya.DESKTOP-92F6ECR\\Desktop\\Code\\Programing\\fuel quote app\\backend\\Controllers\\AuthControllers.js","statementMap":{"0":{"start":{"line":1,"column":13},"end":{"line":1,"column":43}},"1":{"start":{"line":2,"column":14},"end":{"line":2,"column":47}},"2":{"start":{"line":3,"column":12},"end":{"line":3,"column":35}},"3":{"start":{"line":4,"column":19},"end":{"line":4,"column":50}},"4":{"start":{"line":5,"column":21},"end":{"line":5,"column":53}},"5":{"start":{"line":6,"column":19},"end":{"line":6,"column":49}},"6":{"start":{"line":7,"column":22},"end":{"line":7,"column":55}},"7":{"start":{"line":9,"column":15},"end":{"line":9,"column":25}},"8":{"start":{"line":11,"column":20},"end":{"line":15,"column":1}},"9":{"start":{"line":12,"column":4},"end":{"line":14,"column":7}},"10":{"start":{"line":17,"column":21},"end":{"line":43,"column":1}},"11":{"start":{"line":18,"column":17},"end":{"line":18,"column":19}},"12":{"start":{"line":20,"column":4},"end":{"line":40,"column":5}},"13":{"start":{"line":21,"column":8},"end":{"line":21,"column":50}},"14":{"start":{"line":22,"column":11},"end":{"line":40,"column":5}},"15":{"start":{"line":23,"column":8},"end":{"line":23,"column":50}},"16":{"start":{"line":24,"column":11},"end":{"line":40,"column":5}},"17":{"start":{"line":25,"column":8},"end":{"line":25,"column":58}},"18":{"start":{"line":26,"column":11},"end":{"line":40,"column":5}},"19":{"start":{"line":27,"column":8},"end":{"line":27,"column":60}},"20":{"start":{"line":28,"column":11},"end":{"line":40,"column":5}},"21":{"start":{"line":29,"column":8},"end":{"line":29,"column":62}},"22":{"start":{"line":30,"column":11},"end":{"line":40,"column":5}},"23":{"start":{"line":31,"column":8},"end":{"line":31,"column":54}},"24":{"start":{"line":32,"column":11},"end":{"line":40,"column":5}},"25":{"start":{"line":33,"column":8},"end":{"line":33,"column":48}},"26":{"start":{"line":34,"column":11},"end":{"line":40,"column":5}},"27":{"start":{"line":35,"column":8},"end":{"line":37,"column":11}},"28":{"start":{"line":36,"column":12},"end":{"line":36,"column":57}},"29":{"start":{"line":39,"column":8},"end":{"line":39,"column":57}},"30":{"start":{"line":42,"column":4},"end":{"line":42,"column":18}},"31":{"start":{"line":45,"column":0},"end":{"line":61,"column":2}},"32":{"start":{"line":46,"column":4},"end":{"line":60,"column":5}},"33":{"start":{"line":47,"column":52},"end":{"line":47,"column":60}},"34":{"start":{"line":49,"column":36},"end":{"line":49,"column":86}},"35":{"start":{"line":51,"column":8},"end":{"line":53,"column":9}},"36":{"start":{"line":52,"column":12},"end":{"line":52,"column":48}},"37":{"start":{"line":55,"column":21},"end":{"line":55,"column":75}},"38":{"start":{"line":56,"column":8},"end":{"line":56,"column":64}},"39":{"start":{"line":58,"column":23},"end":{"line":58,"column":40}},"40":{"start":{"line":59,"column":8},"end":{"line":59,"column":57}},"41":{"start":{"line":63,"column":0},"end":{"line":86,"column":2}},"42":{"start":{"line":64,"column":4},"end":{"line":85,"column":5}},"43":{"start":{"line":65,"column":39},"end":{"line":65,"column":47}},"44":{"start":{"line":67,"column":36},"end":{"line":67,"column":70}},"45":{"start":{"line":69,"column":8},"end":{"line":72,"column":9}},"46":{"start":{"line":70,"column":12},"end":{"line":70,"column":32}},"47":{"start":{"line":71,"column":12},"end":{"line":71,"column":48}},"48":{"start":{"line":73,"column":21},"end":{"line":73,"column":59}},"49":{"start":{"line":74,"column":22},"end":{"line":74,"column":43}},"50":{"start":{"line":76,"column":8},"end":{"line":80,"column":11}},"51":{"start":{"line":81,"column":8},"end":{"line":81,"column":61}},"52":{"start":{"line":83,"column":23},"end":{"line":83,"column":40}},"53":{"start":{"line":84,"column":8},"end":{"line":84,"column":57}},"54":{"start":{"line":88,"column":0},"end":{"line":125,"column":2}},"55":{"start":{"line":89,"column":4},"end":{"line":124,"column":5}},"56":{"start":{"line":90,"column":8},"end":{"line":92,"column":9}},"57":{"start":{"line":91,"column":12},"end":{"line":91,"column":68}},"58":{"start":{"line":93,"column":36},"end":{"line":93,"column":58}},"59":{"start":{"line":94,"column":8},"end":{"line":94,"column":30}},"60":{"start":{"line":96,"column":8},"end":{"line":99,"column":9}},"61":{"start":{"line":97,"column":12},"end":{"line":97,"column":32}},"62":{"start":{"line":98,"column":12},"end":{"line":98,"column":48}},"63":{"start":{"line":101,"column":22},"end":{"line":101,"column":37}},"64":{"start":{"line":102,"column":29},"end":{"line":102,"column":65}},"65":{"start":{"line":103,"column":23},"end":{"line":103,"column":38}},"66":{"start":{"line":105,"column":22},"end":{"line":105,"column":64}},"67":{"start":{"line":107,"column":8},"end":{"line":120,"column":9}},"68":{"start":{"line":108,"column":12},"end":{"line":108,"column":49}},"69":{"start":{"line":109,"column":12},"end":{"line":109,"column":49}},"70":{"start":{"line":110,"column":12},"end":{"line":110,"column":49}},"71":{"start":{"line":111,"column":12},"end":{"line":111,"column":41}},"72":{"start":{"line":112,"column":12},"end":{"line":112,"column":43}},"73":{"start":{"line":113,"column":12},"end":{"line":113,"column":47}},"74":{"start":{"line":115,"column":12},"end":{"line":115,"column":43}},"75":{"start":{"line":116,"column":12},"end":{"line":116,"column":84}},"76":{"start":{"line":118,"column":12},"end":{"line":118,"column":77}},"77":{"start":{"line":119,"column":12},"end":{"line":119,"column":84}},"78":{"start":{"line":122,"column":23},"end":{"line":122,"column":40}},"79":{"start":{"line":123,"column":8},"end":{"line":123,"column":57}},"80":{"start":{"line":127,"column":0},"end":{"line":135,"column":2}},"81":{"start":{"line":128,"column":4},"end":{"line":134,"column":5}},"82":{"start":{"line":129,"column":25},"end":{"line":129,"column":50}},"83":{"start":{"line":130,"column":8},"end":{"line":130,"column":39}},"84":{"start":{"line":132,"column":23},"end":{"line":132,"column":40}},"85":{"start":{"line":133,"column":8},"end":{"line":133,"column":57}},"86":{"start":{"line":137,"column":0},"end":{"line":150,"column":4}},"87":{"start":{"line":138,"column":4},"end":{"line":149,"column":5}},"88":{"start":{"line":139,"column":22},"end":{"line":139,"column":37}},"89":{"start":{"line":140,"column":29},"end":{"line":140,"column":65}},"90":{"start":{"line":141,"column":23},"end":{"line":141,"column":38}},"91":{"start":{"line":143,"column":94},"end":{"line":143,"column":102}},"92":{"start":{"line":144,"column":22},"end":{"line":144,"column":71}},"93":{"start":{"line":145,"column":8},"end":{"line":145,"column":71}},"94":{"start":{"line":147,"column":23},"end":{"line":147,"column":40}},"95":{"start":{"line":148,"column":8},"end":{"line":148,"column":57}},"96":{"start":{"line":152,"column":0},"end":{"line":164,"column":2}},"97":{"start":{"line":153,"column":4},"end":{"line":163,"column":5}},"98":{"start":{"line":154,"column":22},"end":{"line":154,"column":37}},"99":{"start":{"line":155,"column":29},"end":{"line":155,"column":65}},"100":{"start":{"line":156,"column":23},"end":{"line":156,"column":38}},"101":{"start":{"line":158,"column":24},"end":{"line":158,"column":57}},"102":{"start":{"line":159,"column":8},"end":{"line":159,"column":38}},"103":{"start":{"line":161,"column":23},"end":{"line":161,"column":40}},"104":{"start":{"line":162,"column":8},"end":{"line":162,"column":57}}},"fnMap":{"0":{"name":"(anonymous_0)","decl":{"start":{"line":11,"column":20},"end":{"line":11,"column":21}},"loc":{"start":{"line":11,"column":28},"end":{"line":15,"column":1}},"line":11},"1":{"name":"(anonymous_1)","decl":{"start":{"line":17,"column":21},"end":{"line":17,"column":22}},"loc":{"start":{"line":17,"column":30},"end":{"line":43,"column":1}},"line":17},"2":{"name":"(anonymous_2)","decl":{"start":{"line":35,"column":42},"end":{"line":35,"column":43}},"loc":{"start":{"line":35,"column":62},"end":{"line":37,"column":9}},"line":35},"3":{"name":"(anonymous_3)","decl":{"start":{"line":45,"column":26},"end":{"line":45,"column":27}},"loc":{"start":{"line":45,"column":52},"end":{"line":61,"column":1}},"line":45},"4":{"name":"(anonymous_4)","decl":{"start":{"line":63,"column":23},"end":{"line":63,"column":24}},"loc":{"start":{"line":63,"column":49},"end":{"line":86,"column":1}},"line":63},"5":{"name":"(anonymous_5)","decl":{"start":{"line":88,"column":25},"end":{"line":88,"column":26}},"loc":{"start":{"line":88,"column":51},"end":{"line":125,"column":1}},"line":88},"6":{"name":"(anonymous_6)","decl":{"start":{"line":127,"column":28},"end":{"line":127,"column":29}},"loc":{"start":{"line":127,"column":48},"end":{"line":135,"column":1}},"line":127},"7":{"name":"(anonymous_7)","decl":{"start":{"line":137,"column":23},"end":{"line":137,"column":24}},"loc":{"start":{"line":137,"column":49},"end":{"line":150,"column":3}},"line":137},"8":{"name":"(anonymous_8)","decl":{"start":{"line":152,"column":32},"end":{"line":152,"column":33}},"loc":{"start":{"line":152,"column":52},"end":{"line":164,"column":1}},"line":152}},"branchMap":{"0":{"loc":{"start":{"line":20,"column":4},"end":{"line":40,"column":5}},"type":"if","locations":[{"start":{"line":20,"column":4},"end":{"line":40,"column":5}},{"start":{"line":22,"column":11},"end":{"line":40,"column":5}}],"line":20},"1":{"loc":{"start":{"line":22,"column":11},"end":{"line":40,"column":5}},"type":"if","locations":[{"start":{"line":22,"column":11},"end":{"line":40,"column":5}},{"start":{"line":24,"column":11},"end":{"line":40,"column":5}}],"line":22},"2":{"loc":{"start":{"line":24,"column":11},"end":{"line":40,"column":5}},"type":"if","locations":[{"start":{"line":24,"column":11},"end":{"line":40,"column":5}},{"start":{"line":26,"column":11},"end":{"line":40,"column":5}}],"line":24},"3":{"loc":{"start":{"line":26,"column":11},"end":{"line":40,"column":5}},"type":"if","locations":[{"start":{"line":26,"column":11},"end":{"line":40,"column":5}},{"start":{"line":28,"column":11},"end":{"line":40,"column":5}}],"line":26},"4":{"loc":{"start":{"line":28,"column":11},"end":{"line":40,"column":5}},"type":"if","locations":[{"start":{"line":28,"column":11},"end":{"line":40,"column":5}},{"start":{"line":30,"column":11},"end":{"line":40,"column":5}}],"line":28},"5":{"loc":{"start":{"line":30,"column":11},"end":{"line":40,"column":5}},"type":"if","locations":[{"start":{"line":30,"column":11},"end":{"line":40,"column":5}},{"start":{"line":32,"column":11},"end":{"line":40,"column":5}}],"line":30},"6":{"loc":{"start":{"line":30,"column":15},"end":{"line":30,"column":60}},"type":"binary-expr","locations":[{"start":{"line":30,"column":15},"end":{"line":30,"column":33}},{"start":{"line":30,"column":37},"end":{"line":30,"column":60}}],"line":30},"7":{"loc":{"start":{"line":32,"column":11},"end":{"line":40,"column":5}},"type":"if","locations":[{"start":{"line":32,"column":11},"end":{"line":40,"column":5}},{"start":{"line":34,"column":11},"end":{"line":40,"column":5}}],"line":32},"8":{"loc":{"start":{"line":32,"column":15},"end":{"line":32,"column":57}},"type":"binary-expr","locations":[{"start":{"line":32,"column":15},"end":{"line":32,"column":33}},{"start":{"line":32,"column":37},"end":{"line":32,"column":57}}],"line":32},"9":{"loc":{"start":{"line":34,"column":11},"end":{"line":40,"column":5}},"type":"if","locations":[{"start":{"line":34,"column":11},"end":{"line":40,"column":5}},{"start":{"line":38,"column":11},"end":{"line":40,"column":5}}],"line":34},"10":{"loc":{"start":{"line":34,"column":15},"end":{"line":34,"column":77}},"type":"binary-expr","locations":[{"start":{"line":34,"column":15},"end":{"line":34,"column":26}},{"start":{"line":34,"column":30},"end":{"line":34,"column":77}}],"line":34},"11":{"loc":{"start":{"line":51,"column":8},"end":{"line":53,"column":9}},"type":"if","locations":[{"start":{"line":51,"column":8},"end":{"line":53,"column":9}},{"start":{},"end":{}}],"line":51},"12":{"loc":{"start":{"line":69,"column":8},"end":{"line":72,"column":9}},"type":"if","locations":[{"start":{"line":69,"column":8},"end":{"line":72,"column":9}},{"start":{},"end":{}}],"line":69},"13":{"loc":{"start":{"line":90,"column":8},"end":{"line":92,"column":9}},"type":"if","locations":[{"start":{"line":90,"column":8},"end":{"line":92,"column":9}},{"start":{},"end":{}}],"line":90},"14":{"loc":{"start":{"line":96,"column":8},"end":{"line":99,"column":9}},"type":"if","locations":[{"start":{"line":96,"column":8},"end":{"line":99,"column":9}},{"start":{},"end":{}}],"line":96},"15":{"loc":{"start":{"line":107,"column":8},"end":{"line":120,"column":9}},"type":"if","locations":[{"start":{"line":107,"column":8},"end":{"line":120,"column":9}},{"start":{"line":117,"column":15},"end":{"line":120,"column":9}}],"line":107}},"s":{"0":2,"1":2,"2":2,"3":2,"4":2,"5":2,"6":2,"7":2,"8":2,"9":1,"10":2,"11":0,"12":0,"13":0,"14":0,"15":0,"16":0,"17":0,"18":0,"19":0,"20":0,"21":0,"22":0,"23":0,"24":0,"25":0,"26":0,"27":0,"28":0,"29":0,"30":0,"31":2,"32":0,"33":0,"34":0,"35":0,"36":0,"37":0,"38":0,"39":0,"40":0,"41":2,"42":3,"43":3,"44":3,"45":3,"46":2,"47":2,"48":1,"49":1,"50":1,"51":1,"52":0,"53":0,"54":2,"55":1,"56":1,"57":0,"58":1,"59":1,"60":1,"61":0,"62":0,"63":1,"64":1,"65":1,"66":1,"67":1,"68":0,"69":0,"70":0,"71":0,"72":0,"73":0,"74":0,"75":0,"76":1,"77":1,"78":0,"79":0,"80":2,"81":0,"82":0,"83":0,"84":0,"85":0,"86":2,"87":0,"88":0,"89":0,"90":0,"91":0,"92":0,"93":0,"94":0,"95":0,"96":2,"97":0,"98":0,"99":0,"100":0,"101":0,"102":0,"103":0,"104":0},"f":{"0":1,"1":0,"2":0,"3":0,"4":3,"5":1,"6":0,"7":0,"8":0},"b":{"0":[0,0],"1":[0,0],"2":[0,0],"3":[0,0],"4":[0,0],"5":[0,0],"6":[0,0],"7":[0,0],"8":[0,0],"9":[0,0],"10":[0,0],"11":[0,0],"12":[2,1],"13":[0,1],"14":[0,1],"15":[0,1]},"_coverageSchema":"1a1c01bbd47fc00a2c39e90264f33305004495a9","hash":"86d28d18d2246a87724067a72a03686022145cfb"}
,"C:\\Users\\rayya.DESKTOP-92F6ECR\\Desktop\\Code\\Programing\\fuel quote app\\backend\\models\\ClientInfo.js": {"path":"C:\\Users\\rayya.DESKTOP-92F6ECR\\Desktop\\Code\\Programing\\fuel quote app\\backend\\models\\ClientInfo.js","statementMap":{"0":{"start":{"line":1,"column":17},"end":{"line":1,"column":36}},"1":{"start":{"line":3,"column":21},"end":{"line":39,"column":2}},"2":{"start":{"line":41,"column":0},"end":{"line":41,"column":60}}},"fnMap":{},"branchMap":{},"s":{"0":3,"1":3,"2":3},"f":{},"b":{},"_coverageSchema":"1a1c01bbd47fc00a2c39e90264f33305004495a9","hash":"72285aa4720f9e47bfe4ce5b9179f8ca27ab78f3"}
,"C:\\Users\\rayya.DESKTOP-92F6ECR\\Desktop\\Code\\Programing\\fuel quote app\\backend\\models\\pricingModel.js": {"path":"C:\\Users\\rayya.DESKTOP-92F6ECR\\Desktop\\Code\\Programing\\fuel quote app\\backend\\models\\pricingModel.js","statementMap":{"0":{"start":{"line":1,"column":17},"end":{"line":1,"column":36}},"1":{"start":{"line":3,"column":22},"end":{"line":31,"column":2}},"2":{"start":{"line":33,"column":0},"end":{"line":33,"column":58}}},"fnMap":{},"branchMap":{},"s":{"0":2,"1":2,"2":2},"f":{},"b":{},"_coverageSchema":"1a1c01bbd47fc00a2c39e90264f33305004495a9","hash":"3b229d80a1d6ac0143678d00b04f082d76a3ca93"}
,"C:\\Users\\rayya.DESKTOP-92F6ECR\\Desktop\\Code\\Programing\\fuel quote app\\backend\\models\\userModel.js": {"path":"C:\\Users\\rayya.DESKTOP-92F6ECR\\Desktop\\Code\\Programing\\fuel quote app\\backend\\models\\userModel.js","statementMap":{"0":{"start":{"line":1,"column":17},"end":{"line":1,"column":36}},"1":{"start":{"line":2,"column":15},"end":{"line":2,"column":32}},"2":{"start":{"line":3,"column":12},"end":{"line":3,"column":35}},"3":{"start":{"line":5,"column":19},"end":{"line":30,"column":2}},"4":{"start":{"line":32,"column":0},"end":{"line":38,"column":3}},"5":{"start":{"line":33,"column":4},"end":{"line":36,"column":5}},"6":{"start":{"line":34,"column":21},"end":{"line":34,"column":45}},"7":{"start":{"line":35,"column":8},"end":{"line":35,"column":63}},"8":{"start":{"line":37,"column":4},"end":{"line":37,"column":11}},"9":{"start":{"line":40,"column":0},"end":{"line":46,"column":3}},"10":{"start":{"line":41,"column":2},"end":{"line":45,"column":3}},"11":{"start":{"line":42,"column":6},"end":{"line":42,"column":59}},"12":{"start":{"line":44,"column":6},"end":{"line":44,"column":13}},"13":{"start":{"line":48,"column":0},"end":{"line":58,"column":1}},"14":{"start":{"line":49,"column":17},"end":{"line":49,"column":49}},"15":{"start":{"line":50,"column":4},"end":{"line":52,"column":5}},"16":{"start":{"line":51,"column":8},"end":{"line":51,"column":46}},"17":{"start":{"line":53,"column":17},"end":{"line":53,"column":62}},"18":{"start":{"line":54,"column":4},"end":{"line":56,"column":5}},"19":{"start":{"line":55,"column":8},"end":{"line":55,"column":46}},"20":{"start":{"line":57,"column":4},"end":{"line":57,"column":16}},"21":{"start":{"line":60,"column":0},"end":{"line":73,"column":1}},"22":{"start":{"line":61,"column":48},"end":{"line":61,"column":56}},"23":{"start":{"line":63,"column":4},"end":{"line":65,"column":5}},"24":{"start":{"line":64,"column":8},"end":{"line":64,"column":48}},"25":{"start":{"line":66,"column":4},"end":{"line":68,"column":5}},"26":{"start":{"line":67,"column":8},"end":{"line":67,"column":71}},"27":{"start":{"line":70,"column":17},"end":{"line":70,"column":35}},"28":{"start":{"line":71,"column":4},"end":{"line":71,"column":22}},"29":{"start":{"line":72,"column":4},"end":{"line":72,"column":16}},"30":{"start":{"line":75,"column":0},"end":{"line":80,"column":1}},"31":{"start":{"line":76,"column":18},"end":{"line":78,"column":6}},"32":{"start":{"line":79,"column":4},"end":{"line":79,"column":17}},"33":{"start":{"line":82,"column":0},"end":{"line":82,"column":53}}},"fnMap":{"0":{"name":"(anonymous_0)","decl":{"start":{"line":32,"column":23},"end":{"line":32,"column":24}},"loc":{"start":{"line":32,"column":44},"end":{"line":38,"column":1}},"line":32},"1":{"name":"(anonymous_1)","decl":{"start":{"line":40,"column":24},"end":{"line":40,"column":25}},"loc":{"start":{"line":40,"column":51},"end":{"line":46,"column":1}},"line":40},"2":{"name":"(anonymous_2)","decl":{"start":{"line":48,"column":27},"end":{"line":48,"column":28}},"loc":{"start":{"line":48,"column":62},"end":{"line":58,"column":1}},"line":48},"3":{"name":"(anonymous_3)","decl":{"start":{"line":60,"column":30},"end":{"line":60,"column":31}},"loc":{"start":{"line":60,"column":55},"end":{"line":73,"column":1}},"line":60},"4":{"name":"(anonymous_4)","decl":{"start":{"line":75,"column":39},"end":{"line":75,"column":40}},"loc":{"start":{"line":75,"column":50},"end":{"line":80,"column":1}},"line":75}},"branchMap":{"0":{"loc":{"start":{"line":33,"column":4},"end":{"line":36,"column":5}},"type":"if","locations":[{"start":{"line":33,"column":4},"end":{"line":36,"column":5}},{"start":{},"end":{}}],"line":33},"1":{"loc":{"start":{"line":41,"column":2},"end":{"line":45,"column":3}},"type":"if","locations":[{"start":{"line":41,"column":2},"end":{"line":45,"column":3}},{"start":{"line":43,"column":9},"end":{"line":45,"column":3}}],"line":41},"2":{"loc":{"start":{"line":41,"column":6},"end":{"line":41,"column":57}},"type":"binary-expr","locations":[{"start":{"line":41,"column":6},"end":{"line":41,"column":33}},{"start":{"line":41,"column":37},"end":{"line":41,"column":57}}],"line":41},"3":{"loc":{"start":{"line":50,"column":4},"end":{"line":52,"column":5}},"type":"if","locations":[{"start":{"line":50,"column":4},"end":{"line":52,"column":5}},{"start":{},"end":{}}],"line":50},"4":{"loc":{"start":{"line":54,"column":4},"end":{"line":56,"column":5}},"type":"if","locations":[{"start":{"line":54,"column":4},"end":{"line":56,"column":5}},{"start":{},"end":{}}],"line":54},"5":{"loc":{"start":{"line":63,"column":4},"end":{"line":65,"column":5}},"type":"if","locations":[{"start":{"line":63,"column":4},"end":{"line":65,"column":5}},{"start":{},"end":{}}],"line":63},"6":{"loc":{"start":{"line":66,"column":4},"end":{"line":68,"column":5}},"type":"if","locations":[{"start":{"line":66,"column":4},"end":{"line":68,"column":5}},{"start":{},"end":{}}],"line":66}},"s":{"0":2,"1":2,"2":2,"3":2,"4":2,"5":0,"6":0,"7":0,"8":0,"9":2,"10":0,"11":0,"12":0,"13":2,"14":0,"15":0,"16":0,"17":0,"18":0,"19":0,"20":0,"21":2,"22":0,"23":0,"24":0,"25":0,"26":0,"27":0,"28":0,"29":0,"30":2,"31":0,"32":0,"33":2},"f":{"0":0,"1":0,"2":0,"3":0,"4":0},"b":{"0":[0,0],"1":[0,0],"2":[0,0],"3":[0,0],"4":[0,0],"5":[0,0],"6":[0,0]},"_coverageSchema":"1a1c01bbd47fc00a2c39e90264f33305004495a9","hash":"d18ec8a4742d1a5801ba6dffac05bc592526747f"}
,"C:\\Users\\rayya.DESKTOP-92F6ECR\\Desktop\\Code\\Programing\\fuel quote app\\backend\\validation\\login.js": {"path":"C:\\Users\\rayya.DESKTOP-92F6ECR\\Desktop\\Code\\Programing\\fuel quote app\\backend\\validation\\login.js","statementMap":{"0":{"start":{"line":1,"column":18},"end":{"line":1,"column":38}},"1":{"start":{"line":2,"column":16},"end":{"line":2,"column":35}},"2":{"start":{"line":4,"column":0},"end":{"line":22,"column":2}},"3":{"start":{"line":5,"column":17},"end":{"line":5,"column":19}},"4":{"start":{"line":7,"column":4},"end":{"line":7,"column":65}},"5":{"start":{"line":8,"column":4},"end":{"line":8,"column":65}},"6":{"start":{"line":10,"column":4},"end":{"line":12,"column":5}},"7":{"start":{"line":11,"column":8},"end":{"line":11,"column":56}},"8":{"start":{"line":14,"column":4},"end":{"line":16,"column":5}},"9":{"start":{"line":15,"column":8},"end":{"line":15,"column":55}},"10":{"start":{"line":18,"column":4},"end":{"line":21,"column":6}}},"fnMap":{"0":{"name":"validateLoginInput","decl":{"start":{"line":4,"column":26},"end":{"line":4,"column":44}},"loc":{"start":{"line":4,"column":51},"end":{"line":22,"column":1}},"line":4}},"branchMap":{"0":{"loc":{"start":{"line":7,"column":20},"end":{"line":7,"column":64}},"type":"cond-expr","locations":[{"start":{"line":7,"column":46},"end":{"line":7,"column":59}},{"start":{"line":7,"column":62},"end":{"line":7,"column":64}}],"line":7},"1":{"loc":{"start":{"line":8,"column":20},"end":{"line":8,"column":64}},"type":"cond-expr","locations":[{"start":{"line":8,"column":46},"end":{"line":8,"column":59}},{"start":{"line":8,"column":62},"end":{"line":8,"column":64}}],"line":8},"2":{"loc":{"start":{"line":10,"column":4},"end":{"line":12,"column":5}},"type":"if","locations":[{"start":{"line":10,"column":4},"end":{"line":12,"column":5}},{"start":{},"end":{}}],"line":10},"3":{"loc":{"start":{"line":14,"column":4},"end":{"line":16,"column":5}},"type":"if","locations":[{"start":{"line":14,"column":4},"end":{"line":16,"column":5}},{"start":{},"end":{}}],"line":14}},"s":{"0":2,"1":2,"2":2,"3":3,"4":3,"5":3,"6":3,"7":1,"8":3,"9":1,"10":3},"f":{"0":3},"b":{"0":[2,1],"1":[2,1],"2":[1,2],"3":[1,2]},"_coverageSchema":"1a1c01bbd47fc00a2c39e90264f33305004495a9","hash":"655d03160d00f027607dbf7b98a73649508113dc"}
,"C:\\Users\\rayya.DESKTOP-92F6ECR\\Desktop\\Code\\Programing\\fuel quote app\\backend\\validation\\profile.js": {"path":"C:\\Users\\rayya.DESKTOP-92F6ECR\\Desktop\\Code\\Programing\\fuel quote app\\backend\\validation\\profile.js","statementMap":{"0":{"start":{"line":1,"column":18},"end":{"line":1,"column":38}},"1":{"start":{"line":2,"column":16},"end":{"line":2,"column":35}},"2":{"start":{"line":4,"column":0},"end":{"line":39,"column":2}},"3":{"start":{"line":5,"column":17},"end":{"line":5,"column":19}},"4":{"start":{"line":7,"column":4},"end":{"line":7,"column":65}},"5":{"start":{"line":8,"column":4},"end":{"line":8,"column":65}},"6":{"start":{"line":9,"column":4},"end":{"line":9,"column":53}},"7":{"start":{"line":10,"column":4},"end":{"line":10,"column":56}},"8":{"start":{"line":11,"column":4},"end":{"line":11,"column":62}},"9":{"start":{"line":15,"column":4},"end":{"line":17,"column":5}},"10":{"start":{"line":16,"column":8},"end":{"line":16,"column":50}},"11":{"start":{"line":20,"column":4},"end":{"line":22,"column":5}},"12":{"start":{"line":21,"column":8},"end":{"line":21,"column":48}},"13":{"start":{"line":24,"column":4},"end":{"line":26,"column":5}},"14":{"start":{"line":25,"column":8},"end":{"line":25,"column":41}},"15":{"start":{"line":28,"column":4},"end":{"line":30,"column":5}},"16":{"start":{"line":29,"column":8},"end":{"line":29,"column":43}},"17":{"start":{"line":32,"column":4},"end":{"line":34,"column":5}},"18":{"start":{"line":33,"column":8},"end":{"line":33,"column":47}},"19":{"start":{"line":35,"column":4},"end":{"line":38,"column":6}}},"fnMap":{"0":{"name":"validateRegisterInput","decl":{"start":{"line":4,"column":26},"end":{"line":4,"column":47}},"loc":{"start":{"line":4,"column":54},"end":{"line":39,"column":1}},"line":4}},"branchMap":{"0":{"loc":{"start":{"line":7,"column":20},"end":{"line":7,"column":64}},"type":"cond-expr","locations":[{"start":{"line":7,"column":46},"end":{"line":7,"column":59}},{"start":{"line":7,"column":62},"end":{"line":7,"column":64}}],"line":7},"1":{"loc":{"start":{"line":8,"column":20},"end":{"line":8,"column":64}},"type":"cond-expr","locations":[{"start":{"line":8,"column":46},"end":{"line":8,"column":59}},{"start":{"line":8,"column":62},"end":{"line":8,"column":64}}],"line":8},"2":{"loc":{"start":{"line":9,"column":16},"end":{"line":9,"column":52}},"type":"cond-expr","locations":[{"start":{"line":9,"column":38},"end":{"line":9,"column":47}},{"start":{"line":9,"column":50},"end":{"line":9,"column":52}}],"line":9},"3":{"loc":{"start":{"line":10,"column":17},"end":{"line":10,"column":55}},"type":"cond-expr","locations":[{"start":{"line":10,"column":40},"end":{"line":10,"column":50}},{"start":{"line":10,"column":53},"end":{"line":10,"column":55}}],"line":10},"4":{"loc":{"start":{"line":11,"column":19},"end":{"line":11,"column":61}},"type":"cond-expr","locations":[{"start":{"line":11,"column":44},"end":{"line":11,"column":56}},{"start":{"line":11,"column":59},"end":{"line":11,"column":61}}],"line":11},"5":{"loc":{"start":{"line":15,"column":4},"end":{"line":17,"column":5}},"type":"if","locations":[{"start":{"line":15,"column":4},"end":{"line":17,"column":5}},{"start":{},"end":{}}],"line":15},"6":{"loc":{"start":{"line":20,"column":4},"end":{"line":22,"column":5}},"type":"if","locations":[{"start":{"line":20,"column":4},"end":{"line":22,"column":5}},{"start":{},"end":{}}],"line":20},"7":{"loc":{"start":{"line":24,"column":4},"end":{"line":26,"column":5}},"type":"if","locations":[{"start":{"line":24,"column":4},"end":{"line":26,"column":5}},{"start":{},"end":{}}],"line":24},"8":{"loc":{"start":{"line":28,"column":4},"end":{"line":30,"column":5}},"type":"if","locations":[{"start":{"line":28,"column":4},"end":{"line":30,"column":5}},{"start":{},"end":{}}],"line":28},"9":{"loc":{"start":{"line":32,"column":4},"end":{"line":34,"column":5}},"type":"if","locations":[{"start":{"line":32,"column":4},"end":{"line":34,"column":5}},{"start":{},"end":{}}],"line":32}},"s":{"0":2,"1":2,"2":2,"3":1,"4":1,"5":1,"6":1,"7":1,"8":1,"9":1,"10":0,"11":1,"12":0,"13":1,"14":0,"15":1,"16":0,"17":1,"18":0,"19":1},"f":{"0":1},"b":{"0":[1,0],"1":[1,0],"2":[1,0],"3":[1,0],"4":[1,0],"5":[0,1],"6":[0,1],"7":[0,1],"8":[0,1],"9":[0,1]},"_coverageSchema":"1a1c01bbd47fc00a2c39e90264f33305004495a9","hash":"c37eaf1acdc68d78bd17ebedaab6451774cb0052"}
,"C:\\Users\\rayya.DESKTOP-92F6ECR\\Desktop\\Code\\Programing\\fuel quote app\\backend\\validation\\register.js": {"path":"C:\\Users\\rayya.DESKTOP-92F6ECR\\Desktop\\Code\\Programing\\fuel quote app\\backend\\validation\\register.js","statementMap":{"0":{"start":{"line":1,"column":18},"end":{"line":1,"column":38}},"1":{"start":{"line":2,"column":16},"end":{"line":2,"column":35}},"2":{"start":{"line":4,"column":0},"end":{"line":37,"column":2}},"3":{"start":{"line":5,"column":17},"end":{"line":5,"column":19}},"4":{"start":{"line":7,"column":4},"end":{"line":7,"column":65}},"5":{"start":{"line":8,"column":4},"end":{"line":8,"column":65}},"6":{"start":{"line":9,"column":4},"end":{"line":9,"column":56}},"7":{"start":{"line":10,"column":4},"end":{"line":10,"column":53}},"8":{"start":{"line":12,"column":4},"end":{"line":19,"column":5}},"9":{"start":{"line":13,"column":8},"end":{"line":13,"column":56}},"10":{"start":{"line":15,"column":29},"end":{"line":15,"column":76}},"11":{"start":{"line":16,"column":8},"end":{"line":18,"column":9}},"12":{"start":{"line":17,"column":12},"end":{"line":17,"column":59}},"13":{"start":{"line":20,"column":4},"end":{"line":22,"column":5}},"14":{"start":{"line":21,"column":8},"end":{"line":21,"column":56}},"15":{"start":{"line":23,"column":4},"end":{"line":27,"column":5}},"16":{"start":{"line":24,"column":8},"end":{"line":24,"column":50}},"17":{"start":{"line":25,"column":11},"end":{"line":27,"column":5}},"18":{"start":{"line":26,"column":8},"end":{"line":26,"column":61}},"19":{"start":{"line":29,"column":4},"end":{"line":31,"column":5}},"20":{"start":{"line":30,"column":8},"end":{"line":30,"column":48}},"21":{"start":{"line":33,"column":4},"end":{"line":36,"column":6}}},"fnMap":{"0":{"name":"validateLoginInput","decl":{"start":{"line":4,"column":32},"end":{"line":4,"column":50}},"loc":{"start":{"line":4,"column":57},"end":{"line":37,"column":1}},"line":4}},"branchMap":{"0":{"loc":{"start":{"line":7,"column":20},"end":{"line":7,"column":64}},"type":"cond-expr","locations":[{"start":{"line":7,"column":46},"end":{"line":7,"column":59}},{"start":{"line":7,"column":62},"end":{"line":7,"column":64}}],"line":7},"1":{"loc":{"start":{"line":8,"column":20},"end":{"line":8,"column":64}},"type":"cond-expr","locations":[{"start":{"line":8,"column":46},"end":{"line":8,"column":59}},{"start":{"line":8,"column":62},"end":{"line":8,"column":64}}],"line":8},"2":{"loc":{"start":{"line":9,"column":17},"end":{"line":9,"column":55}},"type":"cond-expr","locations":[{"start":{"line":9,"column":40},"end":{"line":9,"column":50}},{"start":{"line":9,"column":53},"end":{"line":9,"column":55}}],"line":9},"3":{"loc":{"start":{"line":10,"column":16},"end":{"line":10,"column":52}},"type":"cond-expr","locations":[{"start":{"line":10,"column":38},"end":{"line":10,"column":47}},{"start":{"line":10,"column":50},"end":{"line":10,"column":52}}],"line":10},"4":{"loc":{"start":{"line":12,"column":4},"end":{"line":19,"column":5}},"type":"if","locations":[{"start":{"line":12,"column":4},"end":{"line":19,"column":5}},{"start":{"line":14,"column":11},"end":{"line":19,"column":5}}],"line":12},"5":{"loc":{"start":{"line":16,"column":8},"end":{"line":18,"column":9}},"type":"if","locations":[{"start":{"line":16,"column":8},"end":{"line":18,"column":9}},{"start":{},"end":{}}],"line":16},"6":{"loc":{"start":{"line":20,"column":4},"end":{"line":22,"column":5}},"type":"if","locations":[{"start":{"line":20,"column":4},"end":{"line":22,"column":5}},{"start":{},"end":{}}],"line":20},"7":{"loc":{"start":{"line":23,"column":4},"end":{"line":27,"column":5}},"type":"if","locations":[{"start":{"line":23,"column":4},"end":{"line":27,"column":5}},{"start":{"line":25,"column":11},"end":{"line":27,"column":5}}],"line":23},"8":{"loc":{"start":{"line":25,"column":11},"end":{"line":27,"column":5}},"type":"if","locations":[{"start":{"line":25,"column":11},"end":{"line":27,"column":5}},{"start":{},"end":{}}],"line":25},"9":{"loc":{"start":{"line":29,"column":4},"end":{"line":31,"column":5}},"type":"if","locations":[{"start":{"line":29,"column":4},"end":{"line":31,"column":5}},{"start":{},"end":{}}],"line":29}},"s":{"0":2,"1":2,"2":2,"3":0,"4":0,"5":0,"6":0,"7":0,"8":0,"9":0,"10":0,"11":0,"12":0,"13":0,"14":0,"15":0,"16":0,"17":0,"18":0,"19":0,"20":0,"21":0},"f":{"0":0},"b":{"0":[0,0],"1":[0,0],"2":[0,0],"3":[0,0],"4":[0,0],"5":[0,0],"6":[0,0],"7":[0,0],"8":[0,0],"9":[0,0]},"_coverageSchema":"1a1c01bbd47fc00a2c39e90264f33305004495a9","hash":"59b43bffda4b5a029658ee45fff7faed1d65b515"}
}
