TN:
SF:index.js
FN:11,(anonymous_0)
FN:12,(anonymous_1)
FN:25,(anonymous_2)
FN:33,(anonymous_3)
FNF:4
FNH:2
FNDA:1,(anonymous_0)
FNDA:0,(anonymous_1)
FNDA:0,(anonymous_2)
FNDA:1,(anonymous_3)
DA:1,1
DA:2,1
DA:3,1
DA:4,1
DA:5,1
DA:6,1
DA:7,1
DA:9,1
DA:10,1
DA:11,1
DA:12,0
DA:15,1
DA:22,1
DA:25,1
DA:26,0
DA:29,1
DA:30,1
DA:31,1
DA:33,1
DA:34,1
LF:20
LH:18
BRF:0
BRH:0
end_of_record
TN:
SF:Controllers\AuthControllers.js
FN:11,(anonymous_0)
FN:17,(anonymous_1)
FN:37,(anonymous_2)
FN:64,(anonymous_3)
FN:105,(anonymous_4)
FN:114,(anonymous_5)
FN:128,(anonymous_6)
FNF:7
FNH:5
FNDA:1,(anonymous_0)
FNDA:8,(anonymous_1)
FNDA:6,(anonymous_2)
FNDA:9,(anonymous_3)
FNDA:1,(anonymous_4)
FNDA:0,(anonymous_5)
FNDA:0,(anonymous_6)
DA:1,4
DA:2,4
DA:3,4
DA:4,4
DA:5,4
DA:6,4
DA:7,4
DA:9,4
DA:11,4
DA:12,1
DA:17,4
DA:18,8
DA:19,8
DA:21,8
DA:23,8
DA:25,7
DA:28,1
DA:29,1
DA:30,1
DA:33,0
DA:37,4
DA:38,6
DA:39,6
DA:41,6
DA:43,5
DA:45,5
DA:47,4
DA:50,1
DA:52,1
DA:57,1
DA:60,1
DA:64,4
DA:65,9
DA:67,9
DA:68,9
DA:69,9
DA:71,9
DA:72,1
DA:75,8
DA:77,8
DA:78,5
DA:81,3
DA:83,3
DA:85,2
DA:86,2
DA:87,2
DA:88,2
DA:89,2
DA:90,2
DA:92,2
DA:93,1
DA:96,1
DA:97,1
DA:101,1
DA:105,4
DA:106,1
DA:107,1
DA:108,1
DA:110,0
DA:114,4
DA:115,0
DA:116,0
DA:117,0
DA:118,0
DA:120,0
DA:121,0
DA:122,0
DA:124,0
DA:128,4
DA:129,0
DA:130,0
DA:131,0
DA:132,0
DA:134,0
DA:135,0
DA:137,0
LF:76
LH:59
BRDA:23,0,0,7
BRDA:23,0,1,1
BRDA:45,1,0,4
BRDA:45,1,1,1
BRDA:71,2,0,1
BRDA:71,2,1,8
BRDA:77,3,0,5
BRDA:77,3,1,3
BRDA:83,4,0,2
BRDA:83,4,1,1
BRF:10
BRH:10
end_of_record
TN:
SF:Coverage\mockUserData.js
FNF:0
FNH:0
DA:1,1
DA:17,1
LF:2
LH:2
BRF:0
BRH:0
end_of_record
TN:
SF:Middlewares\AuthMiddlewares.js
FN:4,(anonymous_0)
FN:7,(anonymous_1)
FNF:2
FNH:0
FNDA:0,(anonymous_0)
FNDA:0,(anonymous_1)
DA:1,1
DA:2,1
DA:4,1
DA:5,0
DA:6,0
DA:7,0
DA:8,0
DA:9,0
DA:10,0
DA:12,0
DA:13,0
DA:15,0
DA:16,0
DA:21,0
DA:22,0
LF:15
LH:3
BRDA:6,0,0,0
BRDA:6,0,1,0
BRDA:8,1,0,0
BRDA:8,1,1,0
BRDA:13,2,0,0
BRDA:13,2,1,0
BRF:6
BRH:0
end_of_record
TN:
SF:Routes\AuthRoutes.js
FNF:0
FNH:0
DA:1,1
DA:2,1
DA:4,1
DA:6,1
DA:7,1
DA:8,1
DA:9,1
DA:10,1
DA:11,1
DA:12,1
DA:14,1
LF:11
LH:11
BRF:0
BRH:0
end_of_record
TN:
SF:config\keys.js
FNF:0
FNH:0
DA:1,2
LF:1
LH:1
BRF:0
BRH:0
end_of_record
TN:
SF:models\ClientInfo.js
FNF:0
FNH:0
DA:1,3
DA:3,3
DA:42,3
LF:3
LH:3
BRF:0
BRH:0
end_of_record
TN:
SF:models\pricingModel.js
FNF:0
FNH:0
DA:1,4
DA:3,4
DA:33,4
LF:3
LH:3
BRF:0
BRH:0
end_of_record
TN:
SF:models\userModel.js
FN:31,(anonymous_0)
FN:39,(anonymous_1)
FNF:2
FNH:2
FNDA:3,(anonymous_0)
FNDA:1,(anonymous_1)
DA:1,4
DA:2,4
DA:4,4
DA:31,4
DA:32,3
DA:33,3
DA:34,3
DA:36,3
DA:39,4
DA:40,1
DA:41,1
DA:43,0
DA:48,4
LF:13
LH:12
BRDA:32,0,0,3
BRDA:32,0,1,0
BRDA:40,1,0,1
BRDA:40,1,1,0
BRDA:40,2,0,1
BRDA:40,2,1,1
BRF:6
BRH:4
end_of_record
TN:
SF:validation\login.js
FN:6,validateLoginInput
FNF:1
FNH:1
FNDA:5,validateLoginInput
DA:1,4
DA:2,4
DA:3,4
DA:4,4
DA:6,4
DA:7,5
DA:9,5
DA:10,5
DA:11,5
DA:13,5
DA:14,2
DA:15,3
DA:16,1
DA:19,5
DA:20,1
DA:21,4
DA:22,2
DA:23,2
DA:24,1
DA:28,5
LF:20
LH:20
BRDA:9,0,0,3
BRDA:9,0,1,2
BRDA:10,1,0,4
BRDA:10,1,1,1
BRDA:13,2,0,2
BRDA:13,2,1,3
BRDA:15,3,0,1
BRDA:15,3,1,2
BRDA:19,4,0,1
BRDA:19,4,1,4
BRDA:21,5,0,2
BRDA:21,5,1,2
BRDA:23,6,0,1
BRDA:23,6,1,1
BRF:14
BRH:14
end_of_record
TN:
SF:validation\profile.js
FN:5,validateProfileInput
FNF:1
FNH:1
FNDA:8,validateProfileInput
DA:1,4
DA:2,4
DA:3,4
DA:5,4
DA:6,8
DA:8,8
DA:9,8
DA:10,8
DA:11,8
DA:12,8
DA:14,8
DA:15,1
DA:19,8
DA:20,1
DA:23,8
DA:24,1
DA:27,8
DA:28,1
DA:31,8
DA:32,1
DA:34,8
LF:21
LH:21
BRDA:8,0,0,7
BRDA:8,0,1,1
BRDA:9,1,0,7
BRDA:9,1,1,1
BRDA:10,2,0,7
BRDA:10,2,1,1
BRDA:11,3,0,7
BRDA:11,3,1,1
BRDA:12,4,0,7
BRDA:12,4,1,1
BRDA:14,5,0,1
BRDA:14,5,1,7
BRDA:19,6,0,1
BRDA:19,6,1,7
BRDA:23,7,0,1
BRDA:23,7,1,7
BRDA:27,8,0,1
BRDA:27,8,1,7
BRDA:31,9,0,1
BRDA:31,9,1,7
BRF:20
BRH:20
end_of_record
TN:
SF:validation\register.js
FN:5,validateRegisterInput
FNF:1
FNH:1
FNDA:8,validateRegisterInput
DA:1,4
DA:2,4
DA:3,4
DA:5,4
DA:6,8
DA:8,8
DA:9,8
DA:10,8
DA:11,8
DA:13,8
DA:14,1
DA:16,7
DA:17,7
DA:18,1
DA:22,8
DA:23,1
DA:26,7
DA:27,1
DA:31,8
DA:32,1
DA:33,7
DA:34,1
DA:37,8
DA:38,1
DA:41,8
LF:25
LH:25
BRDA:8,0,0,7
BRDA:8,0,1,1
BRDA:9,1,0,7
BRDA:9,1,1,1
BRDA:10,2,0,7
BRDA:10,2,1,1
BRDA:11,3,0,7
BRDA:11,3,1,1
BRDA:13,4,0,1
BRDA:13,4,1,7
BRDA:17,5,0,1
BRDA:17,5,1,6
BRDA:22,6,0,1
BRDA:22,6,1,7
BRDA:26,7,0,1
BRDA:26,7,1,6
BRDA:31,8,0,1
BRDA:31,8,1,7
BRDA:33,9,0,1
BRDA:33,9,1,6
BRDA:37,10,0,1
BRDA:37,10,1,7
BRF:22
BRH:22
end_of_record
