TN:
SF:Controllers\AuthControllers.js
FN:11,(anonymous_0)
FN:17,(anonymous_1)
FN:35,(anonymous_2)
FN:45,(anonymous_3)
FN:63,(anonymous_4)
FN:88,(anonymous_5)
FN:127,(anonymous_6)
FN:137,(anonymous_7)
FN:152,(anonymous_8)
FNF:9
FNH:3
FNDA:1,(anonymous_0)
FNDA:0,(anonymous_1)
FNDA:0,(anonymous_2)
FNDA:0,(anonymous_3)
FNDA:3,(anonymous_4)
FNDA:1,(anonymous_5)
FNDA:0,(anonymous_6)
FNDA:0,(anonymous_7)
FNDA:0,(anonymous_8)
DA:1,2
DA:2,2
DA:3,2
DA:4,2
DA:5,2
DA:6,2
DA:7,2
DA:9,2
DA:11,2
DA:12,1
DA:17,2
DA:18,0
DA:20,0
DA:21,0
DA:22,0
DA:23,0
DA:24,0
DA:25,0
DA:26,0
DA:27,0
DA:28,0
DA:29,0
DA:30,0
DA:31,0
DA:32,0
DA:33,0
DA:34,0
DA:35,0
DA:36,0
DA:39,0
DA:42,0
DA:45,2
DA:46,0
DA:47,0
DA:49,0
DA:51,0
DA:52,0
DA:55,0
DA:56,0
DA:58,0
DA:59,0
DA:63,2
DA:64,3
DA:65,3
DA:67,3
DA:69,3
DA:70,2
DA:71,2
DA:73,1
DA:74,1
DA:76,1
DA:81,1
DA:83,0
DA:84,0
DA:88,2
DA:89,1
DA:90,1
DA:91,0
DA:93,1
DA:94,1
DA:96,1
DA:97,0
DA:98,0
DA:101,1
DA:102,1
DA:103,1
DA:105,1
DA:107,1
DA:108,0
DA:109,0
DA:110,0
DA:111,0
DA:112,0
DA:113,0
DA:115,0
DA:116,0
DA:118,1
DA:119,1
DA:122,0
DA:123,0
DA:127,2
DA:128,0
DA:129,0
DA:130,0
DA:132,0
DA:133,0
DA:137,2
DA:138,0
DA:139,0
DA:140,0
DA:141,0
DA:143,0
DA:144,0
DA:145,0
DA:147,0
DA:148,0
DA:152,2
DA:153,0
DA:154,0
DA:155,0
DA:156,0
DA:158,0
DA:159,0
DA:161,0
DA:162,0
LF:105
LH:39
BRDA:20,0,0,0
BRDA:20,0,1,0
BRDA:22,1,0,0
BRDA:22,1,1,0
BRDA:24,2,0,0
BRDA:24,2,1,0
BRDA:26,3,0,0
BRDA:26,3,1,0
BRDA:28,4,0,0
BRDA:28,4,1,0
BRDA:30,5,0,0
BRDA:30,5,1,0
BRDA:30,6,0,0
BRDA:30,6,1,0
BRDA:32,7,0,0
BRDA:32,7,1,0
BRDA:32,8,0,0
BRDA:32,8,1,0
BRDA:34,9,0,0
BRDA:34,9,1,0
BRDA:34,10,0,0
BRDA:34,10,1,0
BRDA:51,11,0,0
BRDA:51,11,1,0
BRDA:69,12,0,2
BRDA:69,12,1,1
BRDA:90,13,0,0
BRDA:90,13,1,1
BRDA:96,14,0,0
BRDA:96,14,1,1
BRDA:107,15,0,0
BRDA:107,15,1,1
BRF:32
BRH:5
end_of_record
TN:
SF:models\ClientInfo.js
FNF:0
FNH:0
DA:1,3
DA:3,3
DA:41,3
LF:3
LH:3
BRF:0
BRH:0
end_of_record
TN:
SF:models\pricingModel.js
FNF:0
FNH:0
DA:1,2
DA:3,2
DA:33,2
LF:3
LH:3
BRF:0
BRH:0
end_of_record
TN:
SF:models\userModel.js
FN:32,(anonymous_0)
FN:40,(anonymous_1)
FN:48,(anonymous_2)
FN:60,(anonymous_3)
FN:75,(anonymous_4)
FNF:5
FNH:0
FNDA:0,(anonymous_0)
FNDA:0,(anonymous_1)
FNDA:0,(anonymous_2)
FNDA:0,(anonymous_3)
FNDA:0,(anonymous_4)
DA:1,2
DA:2,2
DA:3,2
DA:5,2
DA:32,2
DA:33,0
DA:34,0
DA:35,0
DA:37,0
DA:40,2
DA:41,0
DA:42,0
DA:44,0
DA:48,2
DA:49,0
DA:50,0
DA:51,0
DA:53,0
DA:54,0
DA:55,0
DA:57,0
DA:60,2
DA:61,0
DA:63,0
DA:64,0
DA:66,0
DA:67,0
DA:70,0
DA:71,0
DA:72,0
DA:75,2
DA:76,0
DA:79,0
DA:82,2
LF:34
LH:10
BRDA:33,0,0,0
BRDA:33,0,1,0
BRDA:41,1,0,0
BRDA:41,1,1,0
BRDA:41,2,0,0
BRDA:41,2,1,0
BRDA:50,3,0,0
BRDA:50,3,1,0
BRDA:54,4,0,0
BRDA:54,4,1,0
BRDA:63,5,0,0
BRDA:63,5,1,0
BRDA:66,6,0,0
BRDA:66,6,1,0
BRF:14
BRH:0
end_of_record
TN:
SF:validation\login.js
FN:4,validateLoginInput
FNF:1
FNH:1
FNDA:3,validateLoginInput
DA:1,2
DA:2,2
DA:4,2
DA:5,3
DA:7,3
DA:8,3
DA:10,3
DA:11,1
DA:14,3
DA:15,1
DA:18,3
LF:11
LH:11
BRDA:7,0,0,2
BRDA:7,0,1,1
BRDA:8,1,0,2
BRDA:8,1,1,1
BRDA:10,2,0,1
BRDA:10,2,1,2
BRDA:14,3,0,1
BRDA:14,3,1,2
BRF:8
BRH:8
end_of_record
TN:
SF:validation\profile.js
FN:4,validateRegisterInput
FNF:1
FNH:1
FNDA:1,validateRegisterInput
DA:1,2
DA:2,2
DA:4,2
DA:5,1
DA:7,1
DA:8,1
DA:9,1
DA:10,1
DA:11,1
DA:15,1
DA:16,0
DA:20,1
DA:21,0
DA:24,1
DA:25,0
DA:28,1
DA:29,0
DA:32,1
DA:33,0
DA:35,1
LF:20
LH:15
BRDA:7,0,0,1
BRDA:7,0,1,0
BRDA:8,1,0,1
BRDA:8,1,1,0
BRDA:9,2,0,1
BRDA:9,2,1,0
BRDA:10,3,0,1
BRDA:10,3,1,0
BRDA:11,4,0,1
BRDA:11,4,1,0
BRDA:15,5,0,0
BRDA:15,5,1,1
BRDA:20,6,0,0
BRDA:20,6,1,1
BRDA:24,7,0,0
BRDA:24,7,1,1
BRDA:28,8,0,0
BRDA:28,8,1,1
BRDA:32,9,0,0
BRDA:32,9,1,1
BRF:20
BRH:10
end_of_record
TN:
SF:validation\register.js
FN:4,validateLoginInput
FNF:1
FNH:0
FNDA:0,validateLoginInput
DA:1,2
DA:2,2
DA:4,2
DA:5,0
DA:7,0
DA:8,0
DA:9,0
DA:10,0
DA:12,0
DA:13,0
DA:15,0
DA:16,0
DA:17,0
DA:20,0
DA:21,0
DA:23,0
DA:24,0
DA:25,0
DA:26,0
DA:29,0
DA:30,0
DA:33,0
LF:22
LH:3
BRDA:7,0,0,0
BRDA:7,0,1,0
BRDA:8,1,0,0
BRDA:8,1,1,0
BRDA:9,2,0,0
BRDA:9,2,1,0
BRDA:10,3,0,0
BRDA:10,3,1,0
BRDA:12,4,0,0
BRDA:12,4,1,0
BRDA:16,5,0,0
BRDA:16,5,1,0
BRDA:20,6,0,0
BRDA:20,6,1,0
BRDA:23,7,0,0
BRDA:23,7,1,0
BRDA:25,8,0,0
BRDA:25,8,1,0
BRDA:29,9,0,0
BRDA:29,9,1,0
BRF:20
BRH:0
end_of_record
