TN:
SF:backend\Controllers\AuthControllers.js
FN:13,createToken
FN:19,handleErrors
FN:50,Object.<anonymous>.module.exports.register
FN:67,Object.<anonymous>.module.exports.login
FNF:4
FNH:4
FNDA:1,createToken
FNDA:5,handleErrors
FNDA:6,Object.<anonymous>.module.exports.register
FNDA:3,Object.<anonymous>.module.exports.login
DA:1,1
DA:2,1
DA:3,1
DA:4,1
DA:5,1
DA:6,1
DA:7,1
DA:8,1
DA:9,1
DA:10,1
DA:11,1
DA:12,1
DA:13,1
DA:14,1
DA:15,1
DA:16,1
DA:17,1
DA:18,1
DA:19,1
DA:20,5
DA:21,5
DA:22,5
DA:23,0
DA:24,5
DA:25,0
DA:26,5
DA:27,0
DA:28,5
DA:29,0
DA:30,5
DA:31,0
DA:32,5
DA:33,0
DA:34,0
DA:35,0
DA:36,0
DA:37,0
DA:38,5
DA:39,0
DA:40,0
DA:41,0
DA:42,5
DA:43,5
DA:44,5
DA:45,5
DA:46,5
DA:47,5
DA:48,5
DA:49,1
DA:50,1
DA:51,6
DA:52,6
DA:53,6
DA:54,6
DA:55,6
DA:56,1
DA:57,1
DA:58,0
DA:59,0
DA:60,0
DA:61,6
DA:62,5
DA:63,5
DA:64,5
DA:65,6
DA:66,1
DA:67,1
DA:68,3
DA:69,3
DA:70,3
DA:71,3
DA:72,3
DA:73,2
DA:74,2
DA:75,2
DA:76,1
DA:77,1
DA:78,1
DA:79,1
DA:80,1
DA:81,1
DA:82,1
DA:83,1
DA:84,1
DA:85,3
DA:86,0
DA:87,0
DA:88,0
DA:89,3
LF:89
LH:70
BRDA:13,0,0,1
BRDA:19,1,0,5
BRDA:22,2,0,0
BRDA:24,3,0,0
BRDA:26,4,0,0
BRDA:28,5,0,0
BRDA:30,6,0,0
BRDA:32,7,0,0
BRDA:38,8,0,0
BRDA:50,9,0,6
BRDA:55,10,0,1
BRDA:57,11,0,0
BRDA:61,12,0,5
BRDA:67,13,0,3
BRDA:72,14,0,2
BRDA:75,15,0,1
BRDA:85,16,0,0
BRF:17
BRH:8
end_of_record
TN:
SF:backend\models\ClientInfo.js
FNF:0
FNH:0
DA:1,1
DA:2,1
DA:3,1
DA:4,1
DA:5,1
DA:6,1
DA:7,1
DA:8,1
DA:9,1
DA:10,1
DA:11,1
DA:12,1
DA:13,1
DA:14,1
DA:15,1
DA:16,1
DA:17,1
DA:18,1
DA:19,1
DA:20,1
DA:21,1
DA:22,1
DA:23,1
DA:24,1
DA:25,1
DA:26,1
DA:27,1
DA:28,1
DA:29,1
DA:30,1
DA:31,1
DA:32,1
DA:33,1
DA:34,1
DA:35,1
DA:36,1
DA:37,1
DA:38,1
DA:39,1
DA:40,1
DA:41,1
LF:41
LH:41
BRF:0
BRH:0
end_of_record
TN:
SF:backend\models\pricingModel.js
FNF:0
FNH:0
DA:1,1
DA:2,1
DA:3,1
DA:4,1
DA:5,1
DA:6,1
DA:7,1
DA:8,1
DA:9,1
DA:10,1
DA:11,1
DA:12,1
DA:13,1
DA:14,1
DA:15,1
DA:16,1
DA:17,1
DA:18,1
DA:19,1
DA:20,1
DA:21,1
DA:22,1
DA:23,1
DA:24,1
DA:25,1
DA:26,1
DA:27,1
DA:28,1
DA:29,1
DA:30,1
DA:31,1
DA:32,1
DA:33,1
LF:33
LH:33
BRF:0
BRH:0
end_of_record
TN:
SF:backend\models\userModel.js
FN:48,Object.<anonymous>.UserSchema.statics.login
FN:60,Object.<anonymous>.UserSchema.statics.register
FN:76,Object.<anonymous>.UserSchema.methods.generateAuthToken
FNF:3
FNH:3
FNDA:3,Object.<anonymous>.UserSchema.statics.login
FNDA:19,Object.<anonymous>.UserSchema.statics.register
FNDA:3,Object.<anonymous>.UserSchema.methods.generateAuthToken
DA:1,1
DA:2,1
DA:3,1
DA:4,1
DA:5,1
DA:6,1
DA:7,1
DA:8,1
DA:9,1
DA:10,1
DA:11,1
DA:12,1
DA:13,1
DA:14,1
DA:15,1
DA:16,1
DA:17,1
DA:18,1
DA:19,1
DA:20,1
DA:21,1
DA:22,1
DA:23,1
DA:24,1
DA:25,1
DA:26,1
DA:27,1
DA:28,1
DA:29,1
DA:30,1
DA:31,1
DA:32,1
DA:33,15
DA:34,15
DA:35,15
DA:36,15
DA:37,15
DA:38,1
DA:39,1
DA:40,1
DA:41,5
DA:42,0
DA:43,5
DA:44,5
DA:45,5
DA:46,1
DA:47,1
DA:48,1
DA:49,3
DA:50,3
DA:51,1
DA:52,1
DA:53,2
DA:54,3
DA:55,1
DA:56,1
DA:57,1
DA:58,1
DA:59,1
DA:60,1
DA:61,19
DA:62,19
DA:63,19
DA:64,19
DA:65,2
DA:66,2
DA:67,19
DA:68,2
DA:69,2
DA:70,15
DA:71,15
DA:72,15
DA:73,10
DA:74,10
DA:75,1
DA:76,1
DA:77,3
DA:78,3
DA:79,3
DA:80,3
DA:81,3
DA:82,1
DA:83,1
LF:83
LH:82
BRDA:32,0,0,15
BRDA:40,1,0,5
BRDA:41,2,0,0
BRDA:41,3,0,0
BRDA:48,4,0,3
BRDA:50,5,0,1
BRDA:52,6,0,2
BRDA:54,7,0,1
BRDA:60,8,0,19
BRDA:64,9,0,2
BRDA:66,10,0,17
BRDA:67,11,0,2
BRDA:69,12,0,15
BRDA:72,13,0,10
BRDA:76,14,0,3
BRF:15
BRH:13
end_of_record
TN:
SF:backend\validation\login.js
FN:4,validateLoginInput
FNF:1
FNH:1
FNDA:3,validateLoginInput
DA:1,1
DA:2,1
DA:3,1
DA:4,1
DA:5,3
DA:6,3
DA:7,3
DA:8,3
DA:9,3
DA:10,3
DA:11,3
DA:12,3
DA:13,1
DA:14,1
DA:15,3
DA:16,3
DA:17,3
DA:18,1
DA:19,1
DA:20,3
DA:21,3
DA:22,3
DA:23,3
DA:24,3
DA:25,3
DA:26,3
DA:27,3
LF:27
LH:27
BRDA:4,0,0,3
BRDA:8,1,0,2
BRDA:8,2,0,1
BRDA:9,3,0,2
BRDA:9,4,0,1
BRDA:12,5,0,1
BRDA:17,6,0,1
BRF:7
BRH:7
end_of_record
TN:
SF:backend\validation\profile.js
FN:4,validateRegisterInput
FNF:1
FNH:0
FNDA:0,validateRegisterInput
DA:1,1
DA:2,1
DA:3,1
DA:4,1
DA:5,0
DA:6,0
DA:7,0
DA:8,0
DA:9,0
DA:10,0
DA:11,0
DA:12,0
DA:13,0
DA:14,0
DA:15,0
DA:16,0
DA:17,0
DA:18,0
DA:19,0
DA:20,0
DA:21,0
DA:22,0
DA:23,0
DA:24,0
DA:25,0
DA:26,0
DA:27,0
DA:28,0
DA:29,0
DA:30,0
DA:31,0
DA:32,0
DA:33,0
DA:34,0
DA:35,0
DA:36,0
DA:37,0
DA:38,0
DA:39,0
DA:40,0
DA:41,0
DA:42,0
DA:43,0
DA:44,0
DA:45,0
LF:45
LH:4
BRF:0
BRH:0
end_of_record
TN:
SF:backend\validation\register.js
FN:4,validateLoginInput
FNF:1
FNH:1
FNDA:6,validateLoginInput
DA:1,1
DA:2,1
DA:3,1
DA:4,1
DA:5,6
DA:6,6
DA:7,6
DA:8,6
DA:9,6
DA:10,6
DA:11,6
DA:12,6
DA:13,6
DA:14,6
DA:15,1
DA:16,6
DA:17,5
DA:18,0
DA:19,0
DA:20,0
DA:21,5
DA:22,5
DA:23,1
DA:24,6
DA:25,0
DA:26,0
DA:27,6
DA:28,0
DA:29,6
DA:30,0
DA:31,0
DA:32,1
DA:33,6
DA:34,0
DA:35,0
DA:36,1
DA:37,1
DA:38,1
DA:39,1
DA:40,1
DA:41,1
DA:42,1
DA:43,1
LF:43
LH:33
BRDA:4,0,0,6
BRDA:8,1,0,5
BRDA:8,2,0,1
BRDA:9,3,0,5
BRDA:9,4,0,1
BRDA:10,5,0,5
BRDA:10,6,0,1
BRDA:11,7,0,5
BRDA:11,8,0,1
BRDA:14,9,0,1
BRDA:16,10,0,5
BRDA:22,11,0,1
BRDA:24,12,0,0
BRDA:26,13,0,1
BRDA:27,14,0,0
BRDA:29,15,0,1
BRDA:29,16,0,0
BRDA:33,17,0,0
BRDA:35,18,0,1
BRF:19
BRH:15
end_of_record
